[2025-03-03T03:53:29.160+0000] {processor.py:186} INFO - Started process (PID=2773) to work on /opt/airflow/dags/welcome_dag.py
[2025-03-03T03:53:29.166+0000] {processor.py:914} INFO - Processing file /opt/airflow/dags/welcome_dag.py for tasks to queue
[2025-03-03T03:53:29.179+0000] {logging_mixin.py:190} INFO - [2025-03-03T03:53:29.173+0000] {dagbag.py:588} INFO - Filling up the DagBag from /opt/airflow/dags/welcome_dag.py
[2025-03-03T03:53:31.215+0000] {processor.py:925} INFO - DAG(s) 'welcome_dag' retrieved from /opt/airflow/dags/welcome_dag.py
[2025-03-03T03:53:31.745+0000] {logging_mixin.py:190} INFO - [2025-03-03T03:53:31.744+0000] {dag.py:3239} INFO - Sync 1 DAGs
[2025-03-03T03:53:31.888+0000] {logging_mixin.py:190} INFO - [2025-03-03T03:53:31.887+0000] {dag.py:4180} INFO - Setting next_dagrun for welcome_dag to 2025-03-02 23:00:00+00:00, run_after=2025-03-03 23:00:00+00:00
[2025-03-03T03:53:32.006+0000] {processor.py:208} INFO - Processing /opt/airflow/dags/welcome_dag.py took 2.864 seconds
[2025-03-03T03:54:23.747+0000] {processor.py:186} INFO - Started process (PID=2799) to work on /opt/airflow/dags/welcome_dag.py
[2025-03-03T03:54:23.760+0000] {processor.py:914} INFO - Processing file /opt/airflow/dags/welcome_dag.py for tasks to queue
[2025-03-03T03:54:23.778+0000] {logging_mixin.py:190} INFO - [2025-03-03T03:54:23.772+0000] {dagbag.py:588} INFO - Filling up the DagBag from /opt/airflow/dags/welcome_dag.py
[2025-03-03T03:54:25.891+0000] {processor.py:925} INFO - DAG(s) 'welcome_dag' retrieved from /opt/airflow/dags/welcome_dag.py
[2025-03-03T03:54:26.159+0000] {logging_mixin.py:190} INFO - [2025-03-03T03:54:26.157+0000] {dag.py:3239} INFO - Sync 1 DAGs
[2025-03-03T03:54:26.407+0000] {logging_mixin.py:190} INFO - [2025-03-03T03:54:26.404+0000] {dag.py:4180} INFO - Setting next_dagrun for welcome_dag to 2025-03-02 23:00:00+00:00, run_after=2025-03-03 23:00:00+00:00
[2025-03-03T03:54:26.600+0000] {processor.py:208} INFO - Processing /opt/airflow/dags/welcome_dag.py took 2.944 seconds
[2025-03-03T03:54:57.601+0000] {processor.py:186} INFO - Started process (PID=2801) to work on /opt/airflow/dags/welcome_dag.py
[2025-03-03T03:54:57.604+0000] {processor.py:914} INFO - Processing file /opt/airflow/dags/welcome_dag.py for tasks to queue
[2025-03-03T03:54:57.608+0000] {logging_mixin.py:190} INFO - [2025-03-03T03:54:57.607+0000] {dagbag.py:588} INFO - Filling up the DagBag from /opt/airflow/dags/welcome_dag.py
[2025-03-03T03:54:58.672+0000] {processor.py:925} INFO - DAG(s) 'welcome_dag' retrieved from /opt/airflow/dags/welcome_dag.py
[2025-03-03T03:54:58.799+0000] {logging_mixin.py:190} INFO - [2025-03-03T03:54:58.798+0000] {dag.py:3239} INFO - Sync 1 DAGs
[2025-03-03T03:54:58.920+0000] {logging_mixin.py:190} INFO - [2025-03-03T03:54:58.919+0000] {dag.py:4180} INFO - Setting next_dagrun for welcome_dag to 2025-03-02 23:00:00+00:00, run_after=2025-03-03 23:00:00+00:00
[2025-03-03T03:54:59.156+0000] {processor.py:208} INFO - Processing /opt/airflow/dags/welcome_dag.py took 1.568 seconds
[2025-03-03T03:55:29.872+0000] {processor.py:186} INFO - Started process (PID=2803) to work on /opt/airflow/dags/welcome_dag.py
[2025-03-03T03:55:29.873+0000] {processor.py:914} INFO - Processing file /opt/airflow/dags/welcome_dag.py for tasks to queue
[2025-03-03T03:55:29.875+0000] {logging_mixin.py:190} INFO - [2025-03-03T03:55:29.875+0000] {dagbag.py:588} INFO - Filling up the DagBag from /opt/airflow/dags/welcome_dag.py
[2025-03-03T03:55:30.188+0000] {processor.py:925} INFO - DAG(s) 'welcome_dag' retrieved from /opt/airflow/dags/welcome_dag.py
[2025-03-03T03:55:30.231+0000] {logging_mixin.py:190} INFO - [2025-03-03T03:55:30.230+0000] {dag.py:3239} INFO - Sync 1 DAGs
[2025-03-03T03:55:30.251+0000] {logging_mixin.py:190} INFO - [2025-03-03T03:55:30.251+0000] {dag.py:4180} INFO - Setting next_dagrun for welcome_dag to 2025-03-02 23:00:00+00:00, run_after=2025-03-03 23:00:00+00:00
[2025-03-03T03:55:30.323+0000] {processor.py:208} INFO - Processing /opt/airflow/dags/welcome_dag.py took 0.456 seconds
[2025-03-03T03:56:00.960+0000] {processor.py:186} INFO - Started process (PID=2805) to work on /opt/airflow/dags/welcome_dag.py
[2025-03-03T03:56:00.961+0000] {processor.py:914} INFO - Processing file /opt/airflow/dags/welcome_dag.py for tasks to queue
[2025-03-03T03:56:00.963+0000] {logging_mixin.py:190} INFO - [2025-03-03T03:56:00.962+0000] {dagbag.py:588} INFO - Filling up the DagBag from /opt/airflow/dags/welcome_dag.py
[2025-03-03T03:56:01.279+0000] {processor.py:925} INFO - DAG(s) 'welcome_dag' retrieved from /opt/airflow/dags/welcome_dag.py
[2025-03-03T03:56:01.317+0000] {logging_mixin.py:190} INFO - [2025-03-03T03:56:01.317+0000] {dag.py:3239} INFO - Sync 1 DAGs
[2025-03-03T03:56:01.347+0000] {logging_mixin.py:190} INFO - [2025-03-03T03:56:01.346+0000] {dag.py:4180} INFO - Setting next_dagrun for welcome_dag to 2025-03-02 23:00:00+00:00, run_after=2025-03-03 23:00:00+00:00
[2025-03-03T03:56:01.438+0000] {processor.py:208} INFO - Processing /opt/airflow/dags/welcome_dag.py took 0.483 seconds
[2025-03-03T03:56:32.147+0000] {processor.py:186} INFO - Started process (PID=2807) to work on /opt/airflow/dags/welcome_dag.py
[2025-03-03T03:56:32.150+0000] {processor.py:914} INFO - Processing file /opt/airflow/dags/welcome_dag.py for tasks to queue
[2025-03-03T03:56:32.153+0000] {logging_mixin.py:190} INFO - [2025-03-03T03:56:32.152+0000] {dagbag.py:588} INFO - Filling up the DagBag from /opt/airflow/dags/welcome_dag.py
[2025-03-03T03:56:32.837+0000] {processor.py:925} INFO - DAG(s) 'welcome_dag' retrieved from /opt/airflow/dags/welcome_dag.py
[2025-03-03T03:56:32.912+0000] {logging_mixin.py:190} INFO - [2025-03-03T03:56:32.911+0000] {dag.py:3239} INFO - Sync 1 DAGs
[2025-03-03T03:56:32.998+0000] {logging_mixin.py:190} INFO - [2025-03-03T03:56:32.997+0000] {dag.py:4180} INFO - Setting next_dagrun for welcome_dag to 2025-03-02 23:00:00+00:00, run_after=2025-03-03 23:00:00+00:00
[2025-03-03T03:56:33.100+0000] {processor.py:208} INFO - Processing /opt/airflow/dags/welcome_dag.py took 0.967 seconds
[2025-03-03T03:57:03.572+0000] {processor.py:186} INFO - Started process (PID=2809) to work on /opt/airflow/dags/welcome_dag.py
[2025-03-03T03:57:03.575+0000] {processor.py:914} INFO - Processing file /opt/airflow/dags/welcome_dag.py for tasks to queue
[2025-03-03T03:57:03.578+0000] {logging_mixin.py:190} INFO - [2025-03-03T03:57:03.577+0000] {dagbag.py:588} INFO - Filling up the DagBag from /opt/airflow/dags/welcome_dag.py
[2025-03-03T03:57:04.300+0000] {processor.py:925} INFO - DAG(s) 'welcome_dag' retrieved from /opt/airflow/dags/welcome_dag.py
[2025-03-03T03:57:04.372+0000] {logging_mixin.py:190} INFO - [2025-03-03T03:57:04.371+0000] {dag.py:3239} INFO - Sync 1 DAGs
[2025-03-03T03:57:04.459+0000] {logging_mixin.py:190} INFO - [2025-03-03T03:57:04.458+0000] {dag.py:4180} INFO - Setting next_dagrun for welcome_dag to 2025-03-02 23:00:00+00:00, run_after=2025-03-03 23:00:00+00:00
[2025-03-03T03:57:04.686+0000] {processor.py:208} INFO - Processing /opt/airflow/dags/welcome_dag.py took 1.128 seconds
[2025-03-03T03:57:34.933+0000] {processor.py:186} INFO - Started process (PID=2811) to work on /opt/airflow/dags/welcome_dag.py
[2025-03-03T03:57:34.935+0000] {processor.py:914} INFO - Processing file /opt/airflow/dags/welcome_dag.py for tasks to queue
[2025-03-03T03:57:34.937+0000] {logging_mixin.py:190} INFO - [2025-03-03T03:57:34.936+0000] {dagbag.py:588} INFO - Filling up the DagBag from /opt/airflow/dags/welcome_dag.py
[2025-03-03T03:57:35.259+0000] {processor.py:925} INFO - DAG(s) 'welcome_dag' retrieved from /opt/airflow/dags/welcome_dag.py
[2025-03-03T03:57:35.335+0000] {logging_mixin.py:190} INFO - [2025-03-03T03:57:35.334+0000] {dag.py:3239} INFO - Sync 1 DAGs
[2025-03-03T03:57:35.437+0000] {logging_mixin.py:190} INFO - [2025-03-03T03:57:35.437+0000] {dag.py:4180} INFO - Setting next_dagrun for welcome_dag to 2025-03-02 23:00:00+00:00, run_after=2025-03-03 23:00:00+00:00
[2025-03-03T03:57:35.570+0000] {processor.py:208} INFO - Processing /opt/airflow/dags/welcome_dag.py took 0.645 seconds
[2025-03-03T03:58:05.784+0000] {processor.py:186} INFO - Started process (PID=2813) to work on /opt/airflow/dags/welcome_dag.py
[2025-03-03T03:58:05.785+0000] {processor.py:914} INFO - Processing file /opt/airflow/dags/welcome_dag.py for tasks to queue
[2025-03-03T03:58:05.786+0000] {logging_mixin.py:190} INFO - [2025-03-03T03:58:05.786+0000] {dagbag.py:588} INFO - Filling up the DagBag from /opt/airflow/dags/welcome_dag.py
[2025-03-03T03:58:06.085+0000] {processor.py:925} INFO - DAG(s) 'welcome_dag' retrieved from /opt/airflow/dags/welcome_dag.py
[2025-03-03T03:58:06.116+0000] {logging_mixin.py:190} INFO - [2025-03-03T03:58:06.116+0000] {dag.py:3239} INFO - Sync 1 DAGs
[2025-03-03T03:58:06.139+0000] {logging_mixin.py:190} INFO - [2025-03-03T03:58:06.139+0000] {dag.py:4180} INFO - Setting next_dagrun for welcome_dag to 2025-03-02 23:00:00+00:00, run_after=2025-03-03 23:00:00+00:00
[2025-03-03T03:58:06.205+0000] {processor.py:208} INFO - Processing /opt/airflow/dags/welcome_dag.py took 0.427 seconds
[2025-03-03T03:58:37.014+0000] {processor.py:186} INFO - Started process (PID=2815) to work on /opt/airflow/dags/welcome_dag.py
[2025-03-03T03:58:37.015+0000] {processor.py:914} INFO - Processing file /opt/airflow/dags/welcome_dag.py for tasks to queue
[2025-03-03T03:58:37.017+0000] {logging_mixin.py:190} INFO - [2025-03-03T03:58:37.016+0000] {dagbag.py:588} INFO - Filling up the DagBag from /opt/airflow/dags/welcome_dag.py
[2025-03-03T03:58:37.357+0000] {processor.py:925} INFO - DAG(s) 'welcome_dag' retrieved from /opt/airflow/dags/welcome_dag.py
[2025-03-03T03:58:37.395+0000] {logging_mixin.py:190} INFO - [2025-03-03T03:58:37.394+0000] {dag.py:3239} INFO - Sync 1 DAGs
[2025-03-03T03:58:37.425+0000] {logging_mixin.py:190} INFO - [2025-03-03T03:58:37.425+0000] {dag.py:4180} INFO - Setting next_dagrun for welcome_dag to 2025-03-02 23:00:00+00:00, run_after=2025-03-03 23:00:00+00:00
[2025-03-03T03:58:37.497+0000] {processor.py:208} INFO - Processing /opt/airflow/dags/welcome_dag.py took 0.488 seconds
[2025-03-03T03:59:08.045+0000] {processor.py:186} INFO - Started process (PID=2817) to work on /opt/airflow/dags/welcome_dag.py
[2025-03-03T03:59:08.047+0000] {processor.py:914} INFO - Processing file /opt/airflow/dags/welcome_dag.py for tasks to queue
[2025-03-03T03:59:08.049+0000] {logging_mixin.py:190} INFO - [2025-03-03T03:59:08.049+0000] {dagbag.py:588} INFO - Filling up the DagBag from /opt/airflow/dags/welcome_dag.py
[2025-03-03T03:59:08.414+0000] {processor.py:925} INFO - DAG(s) 'welcome_dag' retrieved from /opt/airflow/dags/welcome_dag.py
[2025-03-03T03:59:08.449+0000] {logging_mixin.py:190} INFO - [2025-03-03T03:59:08.448+0000] {dag.py:3239} INFO - Sync 1 DAGs
[2025-03-03T03:59:08.475+0000] {logging_mixin.py:190} INFO - [2025-03-03T03:59:08.475+0000] {dag.py:4180} INFO - Setting next_dagrun for welcome_dag to 2025-03-02 23:00:00+00:00, run_after=2025-03-03 23:00:00+00:00
[2025-03-03T03:59:08.559+0000] {processor.py:208} INFO - Processing /opt/airflow/dags/welcome_dag.py took 0.527 seconds
[2025-03-03T03:59:39.044+0000] {processor.py:186} INFO - Started process (PID=2819) to work on /opt/airflow/dags/welcome_dag.py
[2025-03-03T03:59:39.046+0000] {processor.py:914} INFO - Processing file /opt/airflow/dags/welcome_dag.py for tasks to queue
[2025-03-03T03:59:39.047+0000] {logging_mixin.py:190} INFO - [2025-03-03T03:59:39.047+0000] {dagbag.py:588} INFO - Filling up the DagBag from /opt/airflow/dags/welcome_dag.py
[2025-03-03T03:59:39.456+0000] {processor.py:925} INFO - DAG(s) 'welcome_dag' retrieved from /opt/airflow/dags/welcome_dag.py
[2025-03-03T03:59:39.487+0000] {logging_mixin.py:190} INFO - [2025-03-03T03:59:39.486+0000] {dag.py:3239} INFO - Sync 1 DAGs
[2025-03-03T03:59:39.514+0000] {logging_mixin.py:190} INFO - [2025-03-03T03:59:39.514+0000] {dag.py:4180} INFO - Setting next_dagrun for welcome_dag to 2025-03-02 23:00:00+00:00, run_after=2025-03-03 23:00:00+00:00
[2025-03-03T03:59:39.600+0000] {processor.py:208} INFO - Processing /opt/airflow/dags/welcome_dag.py took 0.563 seconds
[2025-03-03T04:00:10.068+0000] {processor.py:186} INFO - Started process (PID=2821) to work on /opt/airflow/dags/welcome_dag.py
[2025-03-03T04:00:10.070+0000] {processor.py:914} INFO - Processing file /opt/airflow/dags/welcome_dag.py for tasks to queue
[2025-03-03T04:00:10.072+0000] {logging_mixin.py:190} INFO - [2025-03-03T04:00:10.072+0000] {dagbag.py:588} INFO - Filling up the DagBag from /opt/airflow/dags/welcome_dag.py
[2025-03-03T04:00:10.378+0000] {processor.py:925} INFO - DAG(s) 'welcome_dag' retrieved from /opt/airflow/dags/welcome_dag.py
[2025-03-03T04:00:10.406+0000] {logging_mixin.py:190} INFO - [2025-03-03T04:00:10.406+0000] {dag.py:3239} INFO - Sync 1 DAGs
[2025-03-03T04:00:10.433+0000] {logging_mixin.py:190} INFO - [2025-03-03T04:00:10.433+0000] {dag.py:4180} INFO - Setting next_dagrun for welcome_dag to 2025-03-02 23:00:00+00:00, run_after=2025-03-03 23:00:00+00:00
[2025-03-03T04:00:10.499+0000] {processor.py:208} INFO - Processing /opt/airflow/dags/welcome_dag.py took 0.441 seconds
[2025-03-03T04:00:41.033+0000] {processor.py:186} INFO - Started process (PID=2823) to work on /opt/airflow/dags/welcome_dag.py
[2025-03-03T04:00:41.035+0000] {processor.py:914} INFO - Processing file /opt/airflow/dags/welcome_dag.py for tasks to queue
[2025-03-03T04:00:41.042+0000] {logging_mixin.py:190} INFO - [2025-03-03T04:00:41.041+0000] {dagbag.py:588} INFO - Filling up the DagBag from /opt/airflow/dags/welcome_dag.py
[2025-03-03T04:00:41.352+0000] {processor.py:925} INFO - DAG(s) 'welcome_dag' retrieved from /opt/airflow/dags/welcome_dag.py
[2025-03-03T04:00:41.393+0000] {logging_mixin.py:190} INFO - [2025-03-03T04:00:41.392+0000] {dag.py:3239} INFO - Sync 1 DAGs
[2025-03-03T04:00:41.426+0000] {logging_mixin.py:190} INFO - [2025-03-03T04:00:41.425+0000] {dag.py:4180} INFO - Setting next_dagrun for welcome_dag to 2025-03-02 23:00:00+00:00, run_after=2025-03-03 23:00:00+00:00
[2025-03-03T04:00:41.489+0000] {processor.py:208} INFO - Processing /opt/airflow/dags/welcome_dag.py took 0.488 seconds
[2025-03-03T04:01:12.019+0000] {processor.py:186} INFO - Started process (PID=2825) to work on /opt/airflow/dags/welcome_dag.py
[2025-03-03T04:01:12.021+0000] {processor.py:914} INFO - Processing file /opt/airflow/dags/welcome_dag.py for tasks to queue
[2025-03-03T04:01:12.023+0000] {logging_mixin.py:190} INFO - [2025-03-03T04:01:12.022+0000] {dagbag.py:588} INFO - Filling up the DagBag from /opt/airflow/dags/welcome_dag.py
[2025-03-03T04:01:12.432+0000] {processor.py:925} INFO - DAG(s) 'welcome_dag' retrieved from /opt/airflow/dags/welcome_dag.py
[2025-03-03T04:01:12.470+0000] {logging_mixin.py:190} INFO - [2025-03-03T04:01:12.470+0000] {dag.py:3239} INFO - Sync 1 DAGs
[2025-03-03T04:01:12.501+0000] {logging_mixin.py:190} INFO - [2025-03-03T04:01:12.501+0000] {dag.py:4180} INFO - Setting next_dagrun for welcome_dag to 2025-03-02 23:00:00+00:00, run_after=2025-03-03 23:00:00+00:00
[2025-03-03T04:01:12.588+0000] {processor.py:208} INFO - Processing /opt/airflow/dags/welcome_dag.py took 0.628 seconds
[2025-03-03T04:01:42.888+0000] {processor.py:186} INFO - Started process (PID=2827) to work on /opt/airflow/dags/welcome_dag.py
[2025-03-03T04:01:42.890+0000] {processor.py:914} INFO - Processing file /opt/airflow/dags/welcome_dag.py for tasks to queue
[2025-03-03T04:01:42.892+0000] {logging_mixin.py:190} INFO - [2025-03-03T04:01:42.891+0000] {dagbag.py:588} INFO - Filling up the DagBag from /opt/airflow/dags/welcome_dag.py
[2025-03-03T04:01:43.224+0000] {processor.py:925} INFO - DAG(s) 'welcome_dag' retrieved from /opt/airflow/dags/welcome_dag.py
[2025-03-03T04:01:43.264+0000] {logging_mixin.py:190} INFO - [2025-03-03T04:01:43.263+0000] {dag.py:3239} INFO - Sync 1 DAGs
[2025-03-03T04:01:43.315+0000] {logging_mixin.py:190} INFO - [2025-03-03T04:01:43.314+0000] {dag.py:4180} INFO - Setting next_dagrun for welcome_dag to 2025-03-02 23:00:00+00:00, run_after=2025-03-03 23:00:00+00:00
[2025-03-03T04:01:43.407+0000] {processor.py:208} INFO - Processing /opt/airflow/dags/welcome_dag.py took 0.524 seconds
[2025-03-03T04:02:13.936+0000] {processor.py:186} INFO - Started process (PID=2829) to work on /opt/airflow/dags/welcome_dag.py
[2025-03-03T04:02:13.938+0000] {processor.py:914} INFO - Processing file /opt/airflow/dags/welcome_dag.py for tasks to queue
[2025-03-03T04:02:13.939+0000] {logging_mixin.py:190} INFO - [2025-03-03T04:02:13.939+0000] {dagbag.py:588} INFO - Filling up the DagBag from /opt/airflow/dags/welcome_dag.py
[2025-03-03T04:02:14.230+0000] {processor.py:925} INFO - DAG(s) 'welcome_dag' retrieved from /opt/airflow/dags/welcome_dag.py
[2025-03-03T04:02:14.271+0000] {logging_mixin.py:190} INFO - [2025-03-03T04:02:14.270+0000] {dag.py:3239} INFO - Sync 1 DAGs
[2025-03-03T04:02:14.302+0000] {logging_mixin.py:190} INFO - [2025-03-03T04:02:14.301+0000] {dag.py:4180} INFO - Setting next_dagrun for welcome_dag to 2025-03-02 23:00:00+00:00, run_after=2025-03-03 23:00:00+00:00
[2025-03-03T04:02:14.403+0000] {processor.py:208} INFO - Processing /opt/airflow/dags/welcome_dag.py took 0.476 seconds
[2025-03-03T04:02:44.569+0000] {processor.py:186} INFO - Started process (PID=2831) to work on /opt/airflow/dags/welcome_dag.py
[2025-03-03T04:02:44.570+0000] {processor.py:914} INFO - Processing file /opt/airflow/dags/welcome_dag.py for tasks to queue
[2025-03-03T04:02:44.572+0000] {logging_mixin.py:190} INFO - [2025-03-03T04:02:44.572+0000] {dagbag.py:588} INFO - Filling up the DagBag from /opt/airflow/dags/welcome_dag.py
[2025-03-03T04:02:44.852+0000] {processor.py:925} INFO - DAG(s) 'welcome_dag' retrieved from /opt/airflow/dags/welcome_dag.py
[2025-03-03T04:02:44.888+0000] {logging_mixin.py:190} INFO - [2025-03-03T04:02:44.887+0000] {dag.py:3239} INFO - Sync 1 DAGs
[2025-03-03T04:02:44.944+0000] {logging_mixin.py:190} INFO - [2025-03-03T04:02:44.944+0000] {dag.py:4180} INFO - Setting next_dagrun for welcome_dag to 2025-03-02 23:00:00+00:00, run_after=2025-03-03 23:00:00+00:00
[2025-03-03T04:02:45.057+0000] {processor.py:208} INFO - Processing /opt/airflow/dags/welcome_dag.py took 0.493 seconds
[2025-03-03T04:03:15.504+0000] {processor.py:186} INFO - Started process (PID=2833) to work on /opt/airflow/dags/welcome_dag.py
[2025-03-03T04:03:15.505+0000] {processor.py:914} INFO - Processing file /opt/airflow/dags/welcome_dag.py for tasks to queue
[2025-03-03T04:03:15.507+0000] {logging_mixin.py:190} INFO - [2025-03-03T04:03:15.507+0000] {dagbag.py:588} INFO - Filling up the DagBag from /opt/airflow/dags/welcome_dag.py
[2025-03-03T04:03:15.786+0000] {processor.py:925} INFO - DAG(s) 'welcome_dag' retrieved from /opt/airflow/dags/welcome_dag.py
[2025-03-03T04:03:15.827+0000] {logging_mixin.py:190} INFO - [2025-03-03T04:03:15.827+0000] {dag.py:3239} INFO - Sync 1 DAGs
[2025-03-03T04:03:15.866+0000] {logging_mixin.py:190} INFO - [2025-03-03T04:03:15.866+0000] {dag.py:4180} INFO - Setting next_dagrun for welcome_dag to 2025-03-02 23:00:00+00:00, run_after=2025-03-03 23:00:00+00:00
[2025-03-03T04:03:15.942+0000] {processor.py:208} INFO - Processing /opt/airflow/dags/welcome_dag.py took 0.442 seconds
[2025-03-03T04:03:46.209+0000] {processor.py:186} INFO - Started process (PID=2835) to work on /opt/airflow/dags/welcome_dag.py
[2025-03-03T04:03:46.210+0000] {processor.py:914} INFO - Processing file /opt/airflow/dags/welcome_dag.py for tasks to queue
[2025-03-03T04:03:46.212+0000] {logging_mixin.py:190} INFO - [2025-03-03T04:03:46.212+0000] {dagbag.py:588} INFO - Filling up the DagBag from /opt/airflow/dags/welcome_dag.py
[2025-03-03T04:03:46.557+0000] {processor.py:925} INFO - DAG(s) 'welcome_dag' retrieved from /opt/airflow/dags/welcome_dag.py
[2025-03-03T04:03:46.580+0000] {logging_mixin.py:190} INFO - [2025-03-03T04:03:46.579+0000] {dag.py:3239} INFO - Sync 1 DAGs
[2025-03-03T04:03:46.616+0000] {logging_mixin.py:190} INFO - [2025-03-03T04:03:46.616+0000] {dag.py:4180} INFO - Setting next_dagrun for welcome_dag to 2025-03-02 23:00:00+00:00, run_after=2025-03-03 23:00:00+00:00
[2025-03-03T04:03:46.701+0000] {processor.py:208} INFO - Processing /opt/airflow/dags/welcome_dag.py took 0.498 seconds
[2025-03-03T04:04:17.180+0000] {processor.py:186} INFO - Started process (PID=2837) to work on /opt/airflow/dags/welcome_dag.py
[2025-03-03T04:04:17.182+0000] {processor.py:914} INFO - Processing file /opt/airflow/dags/welcome_dag.py for tasks to queue
[2025-03-03T04:04:17.184+0000] {logging_mixin.py:190} INFO - [2025-03-03T04:04:17.184+0000] {dagbag.py:588} INFO - Filling up the DagBag from /opt/airflow/dags/welcome_dag.py
[2025-03-03T04:04:17.537+0000] {processor.py:925} INFO - DAG(s) 'welcome_dag' retrieved from /opt/airflow/dags/welcome_dag.py
[2025-03-03T04:04:17.578+0000] {logging_mixin.py:190} INFO - [2025-03-03T04:04:17.578+0000] {dag.py:3239} INFO - Sync 1 DAGs
[2025-03-03T04:04:17.615+0000] {logging_mixin.py:190} INFO - [2025-03-03T04:04:17.614+0000] {dag.py:4180} INFO - Setting next_dagrun for welcome_dag to 2025-03-02 23:00:00+00:00, run_after=2025-03-03 23:00:00+00:00
[2025-03-03T04:04:17.726+0000] {processor.py:208} INFO - Processing /opt/airflow/dags/welcome_dag.py took 0.554 seconds
[2025-03-03T04:04:48.144+0000] {processor.py:186} INFO - Started process (PID=2839) to work on /opt/airflow/dags/welcome_dag.py
[2025-03-03T04:04:48.145+0000] {processor.py:914} INFO - Processing file /opt/airflow/dags/welcome_dag.py for tasks to queue
[2025-03-03T04:04:48.146+0000] {logging_mixin.py:190} INFO - [2025-03-03T04:04:48.146+0000] {dagbag.py:588} INFO - Filling up the DagBag from /opt/airflow/dags/welcome_dag.py
[2025-03-03T04:04:48.421+0000] {processor.py:925} INFO - DAG(s) 'welcome_dag' retrieved from /opt/airflow/dags/welcome_dag.py
[2025-03-03T04:04:48.455+0000] {logging_mixin.py:190} INFO - [2025-03-03T04:04:48.455+0000] {dag.py:3239} INFO - Sync 1 DAGs
[2025-03-03T04:04:48.483+0000] {logging_mixin.py:190} INFO - [2025-03-03T04:04:48.483+0000] {dag.py:4180} INFO - Setting next_dagrun for welcome_dag to 2025-03-02 23:00:00+00:00, run_after=2025-03-03 23:00:00+00:00
[2025-03-03T04:04:48.571+0000] {processor.py:208} INFO - Processing /opt/airflow/dags/welcome_dag.py took 0.432 seconds
[2025-03-03T04:05:19.011+0000] {processor.py:186} INFO - Started process (PID=2841) to work on /opt/airflow/dags/welcome_dag.py
[2025-03-03T04:05:19.012+0000] {processor.py:914} INFO - Processing file /opt/airflow/dags/welcome_dag.py for tasks to queue
[2025-03-03T04:05:19.014+0000] {logging_mixin.py:190} INFO - [2025-03-03T04:05:19.013+0000] {dagbag.py:588} INFO - Filling up the DagBag from /opt/airflow/dags/welcome_dag.py
[2025-03-03T04:05:19.304+0000] {processor.py:925} INFO - DAG(s) 'welcome_dag' retrieved from /opt/airflow/dags/welcome_dag.py
[2025-03-03T04:05:19.341+0000] {logging_mixin.py:190} INFO - [2025-03-03T04:05:19.341+0000] {dag.py:3239} INFO - Sync 1 DAGs
[2025-03-03T04:05:19.374+0000] {logging_mixin.py:190} INFO - [2025-03-03T04:05:19.373+0000] {dag.py:4180} INFO - Setting next_dagrun for welcome_dag to 2025-03-02 23:00:00+00:00, run_after=2025-03-03 23:00:00+00:00
[2025-03-03T04:05:19.470+0000] {processor.py:208} INFO - Processing /opt/airflow/dags/welcome_dag.py took 0.466 seconds
[2025-03-03T04:05:49.809+0000] {processor.py:186} INFO - Started process (PID=2843) to work on /opt/airflow/dags/welcome_dag.py
[2025-03-03T04:05:49.810+0000] {processor.py:914} INFO - Processing file /opt/airflow/dags/welcome_dag.py for tasks to queue
[2025-03-03T04:05:49.811+0000] {logging_mixin.py:190} INFO - [2025-03-03T04:05:49.811+0000] {dagbag.py:588} INFO - Filling up the DagBag from /opt/airflow/dags/welcome_dag.py
[2025-03-03T04:05:50.084+0000] {processor.py:925} INFO - DAG(s) 'welcome_dag' retrieved from /opt/airflow/dags/welcome_dag.py
[2025-03-03T04:05:50.119+0000] {logging_mixin.py:190} INFO - [2025-03-03T04:05:50.118+0000] {dag.py:3239} INFO - Sync 1 DAGs
[2025-03-03T04:05:50.150+0000] {logging_mixin.py:190} INFO - [2025-03-03T04:05:50.149+0000] {dag.py:4180} INFO - Setting next_dagrun for welcome_dag to 2025-03-02 23:00:00+00:00, run_after=2025-03-03 23:00:00+00:00
[2025-03-03T04:05:50.285+0000] {processor.py:208} INFO - Processing /opt/airflow/dags/welcome_dag.py took 0.481 seconds
[2025-03-03T04:06:20.415+0000] {processor.py:186} INFO - Started process (PID=2845) to work on /opt/airflow/dags/welcome_dag.py
[2025-03-03T04:06:20.417+0000] {processor.py:914} INFO - Processing file /opt/airflow/dags/welcome_dag.py for tasks to queue
[2025-03-03T04:06:20.419+0000] {logging_mixin.py:190} INFO - [2025-03-03T04:06:20.418+0000] {dagbag.py:588} INFO - Filling up the DagBag from /opt/airflow/dags/welcome_dag.py
[2025-03-03T04:06:20.743+0000] {processor.py:925} INFO - DAG(s) 'welcome_dag' retrieved from /opt/airflow/dags/welcome_dag.py
[2025-03-03T04:06:20.791+0000] {logging_mixin.py:190} INFO - [2025-03-03T04:06:20.791+0000] {dag.py:3239} INFO - Sync 1 DAGs
[2025-03-03T04:06:20.825+0000] {logging_mixin.py:190} INFO - [2025-03-03T04:06:20.825+0000] {dag.py:4180} INFO - Setting next_dagrun for welcome_dag to 2025-03-02 23:00:00+00:00, run_after=2025-03-03 23:00:00+00:00
[2025-03-03T04:06:20.929+0000] {processor.py:208} INFO - Processing /opt/airflow/dags/welcome_dag.py took 0.525 seconds
[2025-03-03T04:06:51.349+0000] {processor.py:186} INFO - Started process (PID=2847) to work on /opt/airflow/dags/welcome_dag.py
[2025-03-03T04:06:51.350+0000] {processor.py:914} INFO - Processing file /opt/airflow/dags/welcome_dag.py for tasks to queue
[2025-03-03T04:06:51.352+0000] {logging_mixin.py:190} INFO - [2025-03-03T04:06:51.351+0000] {dagbag.py:588} INFO - Filling up the DagBag from /opt/airflow/dags/welcome_dag.py
[2025-03-03T04:06:51.677+0000] {processor.py:925} INFO - DAG(s) 'welcome_dag' retrieved from /opt/airflow/dags/welcome_dag.py
[2025-03-03T04:06:51.706+0000] {logging_mixin.py:190} INFO - [2025-03-03T04:06:51.705+0000] {dag.py:3239} INFO - Sync 1 DAGs
[2025-03-03T04:06:51.732+0000] {logging_mixin.py:190} INFO - [2025-03-03T04:06:51.732+0000] {dag.py:4180} INFO - Setting next_dagrun for welcome_dag to 2025-03-02 23:00:00+00:00, run_after=2025-03-03 23:00:00+00:00
[2025-03-03T04:06:51.810+0000] {processor.py:208} INFO - Processing /opt/airflow/dags/welcome_dag.py took 0.469 seconds
[2025-03-03T04:07:22.062+0000] {processor.py:186} INFO - Started process (PID=2849) to work on /opt/airflow/dags/welcome_dag.py
[2025-03-03T04:07:22.063+0000] {processor.py:914} INFO - Processing file /opt/airflow/dags/welcome_dag.py for tasks to queue
[2025-03-03T04:07:22.064+0000] {logging_mixin.py:190} INFO - [2025-03-03T04:07:22.064+0000] {dagbag.py:588} INFO - Filling up the DagBag from /opt/airflow/dags/welcome_dag.py
[2025-03-03T04:07:22.334+0000] {processor.py:925} INFO - DAG(s) 'welcome_dag' retrieved from /opt/airflow/dags/welcome_dag.py
[2025-03-03T04:07:22.358+0000] {logging_mixin.py:190} INFO - [2025-03-03T04:07:22.357+0000] {dag.py:3239} INFO - Sync 1 DAGs
[2025-03-03T04:07:22.379+0000] {logging_mixin.py:190} INFO - [2025-03-03T04:07:22.379+0000] {dag.py:4180} INFO - Setting next_dagrun for welcome_dag to 2025-03-02 23:00:00+00:00, run_after=2025-03-03 23:00:00+00:00
[2025-03-03T04:07:22.427+0000] {processor.py:208} INFO - Processing /opt/airflow/dags/welcome_dag.py took 0.370 seconds
[2025-03-03T04:07:52.564+0000] {processor.py:186} INFO - Started process (PID=2851) to work on /opt/airflow/dags/welcome_dag.py
[2025-03-03T04:07:52.565+0000] {processor.py:914} INFO - Processing file /opt/airflow/dags/welcome_dag.py for tasks to queue
[2025-03-03T04:07:52.567+0000] {logging_mixin.py:190} INFO - [2025-03-03T04:07:52.566+0000] {dagbag.py:588} INFO - Filling up the DagBag from /opt/airflow/dags/welcome_dag.py
[2025-03-03T04:07:52.843+0000] {processor.py:925} INFO - DAG(s) 'welcome_dag' retrieved from /opt/airflow/dags/welcome_dag.py
[2025-03-03T04:07:52.878+0000] {logging_mixin.py:190} INFO - [2025-03-03T04:07:52.877+0000] {dag.py:3239} INFO - Sync 1 DAGs
[2025-03-03T04:07:52.938+0000] {logging_mixin.py:190} INFO - [2025-03-03T04:07:52.938+0000] {dag.py:4180} INFO - Setting next_dagrun for welcome_dag to 2025-03-02 23:00:00+00:00, run_after=2025-03-03 23:00:00+00:00
[2025-03-03T04:07:53.048+0000] {processor.py:208} INFO - Processing /opt/airflow/dags/welcome_dag.py took 0.491 seconds
[2025-03-03T04:08:23.558+0000] {processor.py:186} INFO - Started process (PID=2853) to work on /opt/airflow/dags/welcome_dag.py
[2025-03-03T04:08:23.559+0000] {processor.py:914} INFO - Processing file /opt/airflow/dags/welcome_dag.py for tasks to queue
[2025-03-03T04:08:23.561+0000] {logging_mixin.py:190} INFO - [2025-03-03T04:08:23.560+0000] {dagbag.py:588} INFO - Filling up the DagBag from /opt/airflow/dags/welcome_dag.py
[2025-03-03T04:08:24.014+0000] {processor.py:925} INFO - DAG(s) 'welcome_dag' retrieved from /opt/airflow/dags/welcome_dag.py
[2025-03-03T04:08:24.055+0000] {logging_mixin.py:190} INFO - [2025-03-03T04:08:24.055+0000] {dag.py:3239} INFO - Sync 1 DAGs
[2025-03-03T04:08:24.095+0000] {logging_mixin.py:190} INFO - [2025-03-03T04:08:24.094+0000] {dag.py:4180} INFO - Setting next_dagrun for welcome_dag to 2025-03-02 23:00:00+00:00, run_after=2025-03-03 23:00:00+00:00
[2025-03-03T04:08:24.208+0000] {processor.py:208} INFO - Processing /opt/airflow/dags/welcome_dag.py took 0.655 seconds
[2025-03-03T04:08:54.571+0000] {processor.py:186} INFO - Started process (PID=2855) to work on /opt/airflow/dags/welcome_dag.py
[2025-03-03T04:08:54.573+0000] {processor.py:914} INFO - Processing file /opt/airflow/dags/welcome_dag.py for tasks to queue
[2025-03-03T04:08:54.575+0000] {logging_mixin.py:190} INFO - [2025-03-03T04:08:54.574+0000] {dagbag.py:588} INFO - Filling up the DagBag from /opt/airflow/dags/welcome_dag.py
[2025-03-03T04:08:54.935+0000] {processor.py:925} INFO - DAG(s) 'welcome_dag' retrieved from /opt/airflow/dags/welcome_dag.py
[2025-03-03T04:08:54.970+0000] {logging_mixin.py:190} INFO - [2025-03-03T04:08:54.969+0000] {dag.py:3239} INFO - Sync 1 DAGs
[2025-03-03T04:08:54.998+0000] {logging_mixin.py:190} INFO - [2025-03-03T04:08:54.997+0000] {dag.py:4180} INFO - Setting next_dagrun for welcome_dag to 2025-03-02 23:00:00+00:00, run_after=2025-03-03 23:00:00+00:00
[2025-03-03T04:08:55.083+0000] {processor.py:208} INFO - Processing /opt/airflow/dags/welcome_dag.py took 0.522 seconds
[2025-03-03T04:09:25.594+0000] {processor.py:186} INFO - Started process (PID=2857) to work on /opt/airflow/dags/welcome_dag.py
[2025-03-03T04:09:25.595+0000] {processor.py:914} INFO - Processing file /opt/airflow/dags/welcome_dag.py for tasks to queue
[2025-03-03T04:09:25.598+0000] {logging_mixin.py:190} INFO - [2025-03-03T04:09:25.598+0000] {dagbag.py:588} INFO - Filling up the DagBag from /opt/airflow/dags/welcome_dag.py
[2025-03-03T04:09:25.909+0000] {processor.py:925} INFO - DAG(s) 'welcome_dag' retrieved from /opt/airflow/dags/welcome_dag.py
[2025-03-03T04:09:25.945+0000] {logging_mixin.py:190} INFO - [2025-03-03T04:09:25.944+0000] {dag.py:3239} INFO - Sync 1 DAGs
[2025-03-03T04:09:25.978+0000] {logging_mixin.py:190} INFO - [2025-03-03T04:09:25.978+0000] {dag.py:4180} INFO - Setting next_dagrun for welcome_dag to 2025-03-02 23:00:00+00:00, run_after=2025-03-03 23:00:00+00:00
[2025-03-03T04:09:26.069+0000] {processor.py:208} INFO - Processing /opt/airflow/dags/welcome_dag.py took 0.480 seconds
[2025-03-03T04:09:56.648+0000] {processor.py:186} INFO - Started process (PID=2859) to work on /opt/airflow/dags/welcome_dag.py
[2025-03-03T04:09:56.649+0000] {processor.py:914} INFO - Processing file /opt/airflow/dags/welcome_dag.py for tasks to queue
[2025-03-03T04:09:56.651+0000] {logging_mixin.py:190} INFO - [2025-03-03T04:09:56.651+0000] {dagbag.py:588} INFO - Filling up the DagBag from /opt/airflow/dags/welcome_dag.py
[2025-03-03T04:09:56.938+0000] {processor.py:925} INFO - DAG(s) 'welcome_dag' retrieved from /opt/airflow/dags/welcome_dag.py
[2025-03-03T04:09:56.966+0000] {logging_mixin.py:190} INFO - [2025-03-03T04:09:56.966+0000] {dag.py:3239} INFO - Sync 1 DAGs
[2025-03-03T04:09:57.003+0000] {logging_mixin.py:190} INFO - [2025-03-03T04:09:57.002+0000] {dag.py:4180} INFO - Setting next_dagrun for welcome_dag to 2025-03-02 23:00:00+00:00, run_after=2025-03-03 23:00:00+00:00
[2025-03-03T04:09:57.094+0000] {processor.py:208} INFO - Processing /opt/airflow/dags/welcome_dag.py took 0.453 seconds
[2025-03-03T04:10:27.384+0000] {processor.py:186} INFO - Started process (PID=2861) to work on /opt/airflow/dags/welcome_dag.py
[2025-03-03T04:10:27.390+0000] {processor.py:914} INFO - Processing file /opt/airflow/dags/welcome_dag.py for tasks to queue
[2025-03-03T04:10:27.392+0000] {logging_mixin.py:190} INFO - [2025-03-03T04:10:27.392+0000] {dagbag.py:588} INFO - Filling up the DagBag from /opt/airflow/dags/welcome_dag.py
[2025-03-03T04:10:27.686+0000] {processor.py:925} INFO - DAG(s) 'welcome_dag' retrieved from /opt/airflow/dags/welcome_dag.py
[2025-03-03T04:10:27.722+0000] {logging_mixin.py:190} INFO - [2025-03-03T04:10:27.721+0000] {dag.py:3239} INFO - Sync 1 DAGs
[2025-03-03T04:10:27.753+0000] {logging_mixin.py:190} INFO - [2025-03-03T04:10:27.753+0000] {dag.py:4180} INFO - Setting next_dagrun for welcome_dag to 2025-03-02 23:00:00+00:00, run_after=2025-03-03 23:00:00+00:00
[2025-03-03T04:10:27.847+0000] {processor.py:208} INFO - Processing /opt/airflow/dags/welcome_dag.py took 0.477 seconds
[2025-03-03T04:10:58.004+0000] {processor.py:186} INFO - Started process (PID=2863) to work on /opt/airflow/dags/welcome_dag.py
[2025-03-03T04:10:58.005+0000] {processor.py:914} INFO - Processing file /opt/airflow/dags/welcome_dag.py for tasks to queue
[2025-03-03T04:10:58.009+0000] {logging_mixin.py:190} INFO - [2025-03-03T04:10:58.009+0000] {dagbag.py:588} INFO - Filling up the DagBag from /opt/airflow/dags/welcome_dag.py
[2025-03-03T04:10:58.301+0000] {processor.py:925} INFO - DAG(s) 'welcome_dag' retrieved from /opt/airflow/dags/welcome_dag.py
[2025-03-03T04:10:58.332+0000] {logging_mixin.py:190} INFO - [2025-03-03T04:10:58.332+0000] {dag.py:3239} INFO - Sync 1 DAGs
[2025-03-03T04:10:58.362+0000] {logging_mixin.py:190} INFO - [2025-03-03T04:10:58.362+0000] {dag.py:4180} INFO - Setting next_dagrun for welcome_dag to 2025-03-02 23:00:00+00:00, run_after=2025-03-03 23:00:00+00:00
[2025-03-03T04:10:58.456+0000] {processor.py:208} INFO - Processing /opt/airflow/dags/welcome_dag.py took 0.459 seconds
[2025-03-03T04:11:28.701+0000] {processor.py:186} INFO - Started process (PID=2865) to work on /opt/airflow/dags/welcome_dag.py
[2025-03-03T04:11:28.702+0000] {processor.py:914} INFO - Processing file /opt/airflow/dags/welcome_dag.py for tasks to queue
[2025-03-03T04:11:28.703+0000] {logging_mixin.py:190} INFO - [2025-03-03T04:11:28.703+0000] {dagbag.py:588} INFO - Filling up the DagBag from /opt/airflow/dags/welcome_dag.py
[2025-03-03T04:11:28.976+0000] {processor.py:925} INFO - DAG(s) 'welcome_dag' retrieved from /opt/airflow/dags/welcome_dag.py
[2025-03-03T04:11:29.005+0000] {logging_mixin.py:190} INFO - [2025-03-03T04:11:29.004+0000] {dag.py:3239} INFO - Sync 1 DAGs
[2025-03-03T04:11:29.044+0000] {logging_mixin.py:190} INFO - [2025-03-03T04:11:29.043+0000] {dag.py:4180} INFO - Setting next_dagrun for welcome_dag to 2025-03-02 23:00:00+00:00, run_after=2025-03-03 23:00:00+00:00
[2025-03-03T04:11:29.141+0000] {processor.py:208} INFO - Processing /opt/airflow/dags/welcome_dag.py took 0.447 seconds
[2025-03-03T04:11:59.405+0000] {processor.py:186} INFO - Started process (PID=2867) to work on /opt/airflow/dags/welcome_dag.py
[2025-03-03T04:11:59.406+0000] {processor.py:914} INFO - Processing file /opt/airflow/dags/welcome_dag.py for tasks to queue
[2025-03-03T04:11:59.407+0000] {logging_mixin.py:190} INFO - [2025-03-03T04:11:59.407+0000] {dagbag.py:588} INFO - Filling up the DagBag from /opt/airflow/dags/welcome_dag.py
[2025-03-03T04:11:59.660+0000] {processor.py:925} INFO - DAG(s) 'welcome_dag' retrieved from /opt/airflow/dags/welcome_dag.py
[2025-03-03T04:11:59.683+0000] {logging_mixin.py:190} INFO - [2025-03-03T04:11:59.683+0000] {dag.py:3239} INFO - Sync 1 DAGs
[2025-03-03T04:11:59.712+0000] {logging_mixin.py:190} INFO - [2025-03-03T04:11:59.711+0000] {dag.py:4180} INFO - Setting next_dagrun for welcome_dag to 2025-03-02 23:00:00+00:00, run_after=2025-03-03 23:00:00+00:00
[2025-03-03T04:11:59.781+0000] {processor.py:208} INFO - Processing /opt/airflow/dags/welcome_dag.py took 0.381 seconds
[2025-03-03T04:12:30.151+0000] {processor.py:186} INFO - Started process (PID=2869) to work on /opt/airflow/dags/welcome_dag.py
[2025-03-03T04:12:30.153+0000] {processor.py:914} INFO - Processing file /opt/airflow/dags/welcome_dag.py for tasks to queue
[2025-03-03T04:12:30.154+0000] {logging_mixin.py:190} INFO - [2025-03-03T04:12:30.154+0000] {dagbag.py:588} INFO - Filling up the DagBag from /opt/airflow/dags/welcome_dag.py
[2025-03-03T04:12:30.423+0000] {processor.py:925} INFO - DAG(s) 'welcome_dag' retrieved from /opt/airflow/dags/welcome_dag.py
[2025-03-03T04:12:30.463+0000] {logging_mixin.py:190} INFO - [2025-03-03T04:12:30.463+0000] {dag.py:3239} INFO - Sync 1 DAGs
[2025-03-03T04:12:30.495+0000] {logging_mixin.py:190} INFO - [2025-03-03T04:12:30.495+0000] {dag.py:4180} INFO - Setting next_dagrun for welcome_dag to 2025-03-02 23:00:00+00:00, run_after=2025-03-03 23:00:00+00:00
[2025-03-03T04:12:30.549+0000] {processor.py:208} INFO - Processing /opt/airflow/dags/welcome_dag.py took 0.403 seconds
[2025-03-03T04:13:00.902+0000] {processor.py:186} INFO - Started process (PID=2871) to work on /opt/airflow/dags/welcome_dag.py
[2025-03-03T04:13:00.904+0000] {processor.py:914} INFO - Processing file /opt/airflow/dags/welcome_dag.py for tasks to queue
[2025-03-03T04:13:00.906+0000] {logging_mixin.py:190} INFO - [2025-03-03T04:13:00.905+0000] {dagbag.py:588} INFO - Filling up the DagBag from /opt/airflow/dags/welcome_dag.py
[2025-03-03T04:13:01.181+0000] {processor.py:925} INFO - DAG(s) 'welcome_dag' retrieved from /opt/airflow/dags/welcome_dag.py
[2025-03-03T04:13:01.208+0000] {logging_mixin.py:190} INFO - [2025-03-03T04:13:01.208+0000] {dag.py:3239} INFO - Sync 1 DAGs
[2025-03-03T04:13:01.226+0000] {logging_mixin.py:190} INFO - [2025-03-03T04:13:01.226+0000] {dag.py:4180} INFO - Setting next_dagrun for welcome_dag to 2025-03-02 23:00:00+00:00, run_after=2025-03-03 23:00:00+00:00
[2025-03-03T04:13:01.287+0000] {processor.py:208} INFO - Processing /opt/airflow/dags/welcome_dag.py took 0.391 seconds
[2025-03-03T04:13:31.710+0000] {processor.py:186} INFO - Started process (PID=2873) to work on /opt/airflow/dags/welcome_dag.py
[2025-03-03T04:13:31.711+0000] {processor.py:914} INFO - Processing file /opt/airflow/dags/welcome_dag.py for tasks to queue
[2025-03-03T04:13:31.714+0000] {logging_mixin.py:190} INFO - [2025-03-03T04:13:31.713+0000] {dagbag.py:588} INFO - Filling up the DagBag from /opt/airflow/dags/welcome_dag.py
[2025-03-03T04:13:32.009+0000] {processor.py:925} INFO - DAG(s) 'welcome_dag' retrieved from /opt/airflow/dags/welcome_dag.py
[2025-03-03T04:13:32.046+0000] {logging_mixin.py:190} INFO - [2025-03-03T04:13:32.045+0000] {dag.py:3239} INFO - Sync 1 DAGs
[2025-03-03T04:13:32.076+0000] {logging_mixin.py:190} INFO - [2025-03-03T04:13:32.076+0000] {dag.py:4180} INFO - Setting next_dagrun for welcome_dag to 2025-03-02 23:00:00+00:00, run_after=2025-03-03 23:00:00+00:00
[2025-03-03T04:13:32.164+0000] {processor.py:208} INFO - Processing /opt/airflow/dags/welcome_dag.py took 0.462 seconds
[2025-03-03T04:14:02.539+0000] {processor.py:186} INFO - Started process (PID=2875) to work on /opt/airflow/dags/welcome_dag.py
[2025-03-03T04:14:02.541+0000] {processor.py:914} INFO - Processing file /opt/airflow/dags/welcome_dag.py for tasks to queue
[2025-03-03T04:14:02.542+0000] {logging_mixin.py:190} INFO - [2025-03-03T04:14:02.542+0000] {dagbag.py:588} INFO - Filling up the DagBag from /opt/airflow/dags/welcome_dag.py
[2025-03-03T04:14:02.831+0000] {processor.py:925} INFO - DAG(s) 'welcome_dag' retrieved from /opt/airflow/dags/welcome_dag.py
[2025-03-03T04:14:02.867+0000] {logging_mixin.py:190} INFO - [2025-03-03T04:14:02.867+0000] {dag.py:3239} INFO - Sync 1 DAGs
[2025-03-03T04:14:02.897+0000] {logging_mixin.py:190} INFO - [2025-03-03T04:14:02.896+0000] {dag.py:4180} INFO - Setting next_dagrun for welcome_dag to 2025-03-02 23:00:00+00:00, run_after=2025-03-03 23:00:00+00:00
[2025-03-03T04:14:02.989+0000] {processor.py:208} INFO - Processing /opt/airflow/dags/welcome_dag.py took 0.458 seconds
[2025-03-03T04:14:33.370+0000] {processor.py:186} INFO - Started process (PID=2877) to work on /opt/airflow/dags/welcome_dag.py
[2025-03-03T04:14:33.370+0000] {processor.py:914} INFO - Processing file /opt/airflow/dags/welcome_dag.py for tasks to queue
[2025-03-03T04:14:33.372+0000] {logging_mixin.py:190} INFO - [2025-03-03T04:14:33.371+0000] {dagbag.py:588} INFO - Filling up the DagBag from /opt/airflow/dags/welcome_dag.py
[2025-03-03T04:14:33.672+0000] {processor.py:925} INFO - DAG(s) 'welcome_dag' retrieved from /opt/airflow/dags/welcome_dag.py
[2025-03-03T04:14:33.693+0000] {logging_mixin.py:190} INFO - [2025-03-03T04:14:33.692+0000] {dag.py:3239} INFO - Sync 1 DAGs
[2025-03-03T04:14:33.710+0000] {logging_mixin.py:190} INFO - [2025-03-03T04:14:33.709+0000] {dag.py:4180} INFO - Setting next_dagrun for welcome_dag to 2025-03-02 23:00:00+00:00, run_after=2025-03-03 23:00:00+00:00
[2025-03-03T04:14:33.749+0000] {processor.py:208} INFO - Processing /opt/airflow/dags/welcome_dag.py took 0.384 seconds
[2025-03-03T04:15:04.054+0000] {processor.py:186} INFO - Started process (PID=2879) to work on /opt/airflow/dags/welcome_dag.py
[2025-03-03T04:15:04.055+0000] {processor.py:914} INFO - Processing file /opt/airflow/dags/welcome_dag.py for tasks to queue
[2025-03-03T04:15:04.057+0000] {logging_mixin.py:190} INFO - [2025-03-03T04:15:04.056+0000] {dagbag.py:588} INFO - Filling up the DagBag from /opt/airflow/dags/welcome_dag.py
[2025-03-03T04:15:04.340+0000] {processor.py:925} INFO - DAG(s) 'welcome_dag' retrieved from /opt/airflow/dags/welcome_dag.py
[2025-03-03T04:15:04.375+0000] {logging_mixin.py:190} INFO - [2025-03-03T04:15:04.374+0000] {dag.py:3239} INFO - Sync 1 DAGs
[2025-03-03T04:15:04.405+0000] {logging_mixin.py:190} INFO - [2025-03-03T04:15:04.404+0000] {dag.py:4180} INFO - Setting next_dagrun for welcome_dag to 2025-03-02 23:00:00+00:00, run_after=2025-03-03 23:00:00+00:00
[2025-03-03T04:15:04.461+0000] {processor.py:208} INFO - Processing /opt/airflow/dags/welcome_dag.py took 0.412 seconds
[2025-03-03T04:15:34.953+0000] {processor.py:186} INFO - Started process (PID=2881) to work on /opt/airflow/dags/welcome_dag.py
[2025-03-03T04:15:34.954+0000] {processor.py:914} INFO - Processing file /opt/airflow/dags/welcome_dag.py for tasks to queue
[2025-03-03T04:15:34.956+0000] {logging_mixin.py:190} INFO - [2025-03-03T04:15:34.956+0000] {dagbag.py:588} INFO - Filling up the DagBag from /opt/airflow/dags/welcome_dag.py
[2025-03-03T04:15:35.367+0000] {processor.py:925} INFO - DAG(s) 'welcome_dag' retrieved from /opt/airflow/dags/welcome_dag.py
[2025-03-03T04:15:35.420+0000] {logging_mixin.py:190} INFO - [2025-03-03T04:15:35.419+0000] {dag.py:3239} INFO - Sync 1 DAGs
[2025-03-03T04:15:35.468+0000] {logging_mixin.py:190} INFO - [2025-03-03T04:15:35.468+0000] {dag.py:4180} INFO - Setting next_dagrun for welcome_dag to 2025-03-02 23:00:00+00:00, run_after=2025-03-03 23:00:00+00:00
[2025-03-03T04:15:35.542+0000] {processor.py:208} INFO - Processing /opt/airflow/dags/welcome_dag.py took 0.595 seconds
[2025-03-03T04:35:38.108+0000] {processor.py:186} INFO - Started process (PID=2883) to work on /opt/airflow/dags/welcome_dag.py
[2025-03-03T04:35:38.116+0000] {processor.py:914} INFO - Processing file /opt/airflow/dags/welcome_dag.py for tasks to queue
[2025-03-03T04:35:38.123+0000] {logging_mixin.py:190} INFO - [2025-03-03T04:35:38.121+0000] {dagbag.py:588} INFO - Filling up the DagBag from /opt/airflow/dags/welcome_dag.py
[2025-03-04T01:02:04.862+0000] {logging_mixin.py:190} INFO - [2025-03-04T01:02:01.489+0000] {timeout.py:68} ERROR - Process timed out, PID: 2883
[2025-03-04T01:02:05.878+0000] {logging_mixin.py:190} INFO - [2025-03-04T01:02:04.995+0000] {dagbag.py:387} ERROR - Failed to import: /opt/airflow/dags/welcome_dag.py
Traceback (most recent call last):
  File "/home/airflow/.local/lib/python3.12/site-packages/airflow/models/dagbag.py", line 383, in parse
    loader.exec_module(new_module)
  File "<frozen importlib._bootstrap_external>", line 999, in exec_module
  File "<frozen importlib._bootstrap>", line 488, in _call_with_frames_removed
  File "/opt/airflow/dags/welcome_dag.py", line 11, in <module>
    import pandas as pd
  File "/home/airflow/.local/lib/python3.12/site-packages/pandas/__init__.py", line 46, in <module>
    from pandas.core.api import (
  File "/home/airflow/.local/lib/python3.12/site-packages/pandas/core/api.py", line 28, in <module>
    from pandas.core.arrays import Categorical
  File "/home/airflow/.local/lib/python3.12/site-packages/pandas/core/arrays/__init__.py", line 1, in <module>
    from pandas.core.arrays.arrow import ArrowExtensionArray
  File "/home/airflow/.local/lib/python3.12/site-packages/pandas/core/arrays/arrow/__init__.py", line 1, in <module>
    from pandas.core.arrays.arrow.array import ArrowExtensionArray
  File "/home/airflow/.local/lib/python3.12/site-packages/pandas/core/arrays/arrow/array.py", line 47, in <module>
    from pandas.core import (
  File "<frozen importlib._bootstrap>", line 1360, in _find_and_load
  File "<frozen importlib._bootstrap>", line 1331, in _find_and_load_unlocked
  File "<frozen importlib._bootstrap>", line 935, in _load_unlocked
  File "<frozen importlib._bootstrap_external>", line 995, in exec_module
  File "<frozen importlib._bootstrap_external>", line 1091, in get_code
  File "<frozen importlib._bootstrap_external>", line 1190, in get_data
  File "/home/airflow/.local/lib/python3.12/site-packages/airflow/utils/timeout.py", line 69, in handle_timeout
    raise AirflowTaskTimeout(self.error_message)
airflow.exceptions.AirflowTaskTimeout: DagBag import timeout for /opt/airflow/dags/welcome_dag.py after 30.0s.
Please take a look at these docs to improve your DAG import time:
* https://airflow.apache.org/docs/apache-airflow/2.10.5/best-practices.html#top-level-python-code
* https://airflow.apache.org/docs/apache-airflow/2.10.5/best-practices.html#reducing-dag-complexity, PID: 2883
[2025-03-04T01:02:05.982+0000] {processor.py:927} WARNING - No viable dags retrieved from /opt/airflow/dags/welcome_dag.py
[2025-03-04T01:02:11.011+0000] {processor.py:208} INFO - Processing /opt/airflow/dags/welcome_dag.py took 39.864 seconds
