[2025-03-14T15:17:20.450+0000] {local_task_job_runner.py:123} INFO - ::group::Pre task execution logs
[2025-03-14T15:17:20.541+0000] {taskinstance.py:2614} INFO - Dependencies all met for dep_context=non-requeueable deps ti=<TaskInstance: data_prep_transformation_model_building.model_prediction manual__2025-03-14T15:14:44.276989+00:00 [queued]>
[2025-03-14T15:17:20.580+0000] {taskinstance.py:2614} INFO - Dependencies all met for dep_context=requeueable deps ti=<TaskInstance: data_prep_transformation_model_building.model_prediction manual__2025-03-14T15:14:44.276989+00:00 [queued]>
[2025-03-14T15:17:20.582+0000] {taskinstance.py:2867} INFO - Starting attempt 2 of 2
[2025-03-14T15:17:20.694+0000] {taskinstance.py:2890} INFO - Executing <Task(_PythonDecoratedOperator): model_prediction> on 2025-03-14 15:14:44.276989+00:00
[2025-03-14T15:17:20.910+0000] {standard_task_runner.py:104} INFO - Running: ['airflow', 'tasks', 'run', 'data_prep_transformation_model_building', 'model_prediction', 'manual__2025-03-14T15:14:44.276989+00:00', '--job-id', '252', '--raw', '--subdir', 'DAGS_FOLDER/data_prep_transformation_model_building.py', '--cfg-path', '/tmp/tmpyswzpadc']
[2025-03-14T15:17:20.919+0000] {logging_mixin.py:190} WARNING - /home/airflow/.local/lib/python3.12/site-packages/airflow/task/task_runner/standard_task_runner.py:70 DeprecationWarning: This process (pid=1358) is multi-threaded, use of fork() may lead to deadlocks in the child.
[2025-03-14T15:17:20.920+0000] {standard_task_runner.py:105} INFO - Job 252: Subtask model_prediction
[2025-03-14T15:17:20.922+0000] {standard_task_runner.py:72} INFO - Started process 1376 to run task
[2025-03-14T15:17:21.099+0000] {task_command.py:467} INFO - Running <TaskInstance: data_prep_transformation_model_building.model_prediction manual__2025-03-14T15:14:44.276989+00:00 [running]> on host 0bbddc3bb474
[2025-03-14T15:17:21.329+0000] {taskinstance.py:3134} INFO - Exporting env vars: AIRFLOW_CTX_DAG_OWNER='airflow' AIRFLOW_CTX_DAG_ID='data_prep_transformation_model_building' AIRFLOW_CTX_TASK_ID='model_prediction' AIRFLOW_CTX_EXECUTION_DATE='2025-03-14T15:14:44.276989+00:00' AIRFLOW_CTX_TRY_NUMBER='2' AIRFLOW_CTX_DAG_RUN_ID='manual__2025-03-14T15:14:44.276989+00:00'
[2025-03-14T15:17:21.332+0000] {taskinstance.py:732} INFO - ::endgroup::
[2025-03-14T15:17:21.339+0000] {logging_mixin.py:190} INFO - Engine(***)
[2025-03-14T15:17:21.754+0000] {logging_mixin.py:190} INFO - <class 'pandas.core.frame.DataFrame'>
RangeIndex: 7043 entries, 0 to 7042
Data columns (total 22 columns):
 #   Column            Non-Null Count  Dtype  
---  ------            --------------  -----  
 0   Unnamed: 0        7043 non-null   float64
 1   customerID        7043 non-null   float64
 2   gender            7043 non-null   float64
 3   SeniorCitizen     7043 non-null   float64
 4   Partner           7043 non-null   float64
 5   Dependents        7043 non-null   float64
 6   tenure            7043 non-null   float64
 7   PhoneService      7043 non-null   float64
 8   MultipleLines     7043 non-null   float64
 9   InternetService   7043 non-null   float64
 10  OnlineSecurity    7043 non-null   float64
 11  OnlineBackup      7043 non-null   float64
 12  DeviceProtection  7043 non-null   float64
 13  TechSupport       7043 non-null   float64
 14  StreamingTV       7043 non-null   float64
 15  StreamingMovies   7043 non-null   float64
 16  Contract          7043 non-null   float64
 17  PaperlessBilling  7043 non-null   float64
 18  PaymentMethod     7043 non-null   float64
 19  MonthlyCharges    7043 non-null   float64
 20  TotalCharges      7043 non-null   float64
 21  Churn             7043 non-null   float64
dtypes: float64(22)
memory usage: 1.2 MB
[2025-03-14T15:17:21.755+0000] {logging_mixin.py:190} INFO - None
[2025-03-14T15:17:21.756+0000] {python.py:240} INFO - Done. Returned value was: None
[2025-03-14T15:17:21.783+0000] {taskinstance.py:341} INFO - ::group::Post task execution logs
[2025-03-14T15:17:21.785+0000] {taskinstance.py:353} INFO - Marking task as SUCCESS. dag_id=data_prep_transformation_model_building, task_id=model_prediction, run_id=manual__2025-03-14T15:14:44.276989+00:00, execution_date=20250314T151444, start_date=20250314T151720, end_date=20250314T151721
[2025-03-14T15:17:21.950+0000] {local_task_job_runner.py:266} INFO - Task exited with return code 0
[2025-03-14T15:17:21.989+0000] {taskinstance.py:3901} INFO - 0 downstream tasks scheduled from follow-on schedule check
[2025-03-14T15:17:21.993+0000] {local_task_job_runner.py:245} INFO - ::endgroup::
