[2025-03-04T05:03:46.625+0000] {processor.py:186} INFO - Started process (PID=154) to work on /opt/airflow/dags/example_dag.py
[2025-03-04T05:03:46.627+0000] {processor.py:914} INFO - Processing file /opt/airflow/dags/example_dag.py for tasks to queue
[2025-03-04T05:03:46.632+0000] {logging_mixin.py:190} INFO - [2025-03-04T05:03:46.631+0000] {dagbag.py:588} INFO - Filling up the DagBag from /opt/airflow/dags/example_dag.py
[2025-03-04T05:03:46.694+0000] {processor.py:925} INFO - DAG(s) 'complex_example_dag' retrieved from /opt/airflow/dags/example_dag.py
[2025-03-04T05:03:47.178+0000] {logging_mixin.py:190} INFO - [2025-03-04T05:03:47.177+0000] {override.py:1912} INFO - Created Permission View: can edit on DAG:complex_example_dag
[2025-03-04T05:03:47.287+0000] {logging_mixin.py:190} INFO - [2025-03-04T05:03:47.286+0000] {override.py:1912} INFO - Created Permission View: can read on DAG:complex_example_dag
[2025-03-04T05:03:47.344+0000] {logging_mixin.py:190} INFO - [2025-03-04T05:03:47.344+0000] {override.py:1912} INFO - Created Permission View: can delete on DAG:complex_example_dag
[2025-03-04T05:03:47.428+0000] {logging_mixin.py:190} INFO - [2025-03-04T05:03:47.427+0000] {override.py:1912} INFO - Created Permission View: menu access on DAG Run:complex_example_dag
[2025-03-04T05:03:47.510+0000] {logging_mixin.py:190} INFO - [2025-03-04T05:03:47.509+0000] {override.py:1912} INFO - Created Permission View: can read on DAG Run:complex_example_dag
[2025-03-04T05:03:47.583+0000] {logging_mixin.py:190} INFO - [2025-03-04T05:03:47.582+0000] {override.py:1912} INFO - Created Permission View: can create on DAG Run:complex_example_dag
[2025-03-04T05:03:47.637+0000] {logging_mixin.py:190} INFO - [2025-03-04T05:03:47.636+0000] {override.py:1912} INFO - Created Permission View: can delete on DAG Run:complex_example_dag
[2025-03-04T05:03:47.639+0000] {logging_mixin.py:190} INFO - [2025-03-04T05:03:47.639+0000] {dag.py:3239} INFO - Sync 1 DAGs
[2025-03-04T05:03:47.676+0000] {logging_mixin.py:190} INFO - [2025-03-04T05:03:47.676+0000] {dag.py:3262} INFO - Creating ORM DAG for complex_example_dag
[2025-03-04T05:03:47.710+0000] {logging_mixin.py:190} INFO - [2025-03-04T05:03:47.709+0000] {dag.py:4180} INFO - Setting next_dagrun for complex_example_dag to 2025-03-03 00:00:00+00:00, run_after=2025-03-04 00:00:00+00:00
[2025-03-04T05:03:47.810+0000] {processor.py:208} INFO - Processing /opt/airflow/dags/example_dag.py took 1.194 seconds
[2025-03-04T05:04:18.092+0000] {processor.py:186} INFO - Started process (PID=157) to work on /opt/airflow/dags/example_dag.py
[2025-03-04T05:04:18.094+0000] {processor.py:914} INFO - Processing file /opt/airflow/dags/example_dag.py for tasks to queue
[2025-03-04T05:04:18.099+0000] {logging_mixin.py:190} INFO - [2025-03-04T05:04:18.098+0000] {dagbag.py:588} INFO - Filling up the DagBag from /opt/airflow/dags/example_dag.py
[2025-03-04T05:04:18.137+0000] {processor.py:925} INFO - DAG(s) 'complex_example_dag' retrieved from /opt/airflow/dags/example_dag.py
[2025-03-04T05:04:18.223+0000] {logging_mixin.py:190} INFO - [2025-03-04T05:04:18.222+0000] {dag.py:3239} INFO - Sync 1 DAGs
[2025-03-04T05:04:18.288+0000] {logging_mixin.py:190} INFO - [2025-03-04T05:04:18.287+0000] {dag.py:4180} INFO - Setting next_dagrun for complex_example_dag to 2025-03-03 00:00:00+00:00, run_after=2025-03-04 00:00:00+00:00
[2025-03-04T05:04:18.375+0000] {processor.py:208} INFO - Processing /opt/airflow/dags/example_dag.py took 0.296 seconds
[2025-03-04T05:04:55.090+0000] {processor.py:186} INFO - Started process (PID=160) to work on /opt/airflow/dags/example_dag.py
[2025-03-04T05:04:55.096+0000] {processor.py:914} INFO - Processing file /opt/airflow/dags/example_dag.py for tasks to queue
[2025-03-04T05:04:55.107+0000] {logging_mixin.py:190} INFO - [2025-03-04T05:04:55.105+0000] {dagbag.py:588} INFO - Filling up the DagBag from /opt/airflow/dags/example_dag.py
[2025-03-04T05:04:55.184+0000] {processor.py:925} INFO - DAG(s) 'complex_example_dag' retrieved from /opt/airflow/dags/example_dag.py
[2025-03-04T05:04:55.321+0000] {logging_mixin.py:190} INFO - [2025-03-04T05:04:55.320+0000] {dag.py:3239} INFO - Sync 1 DAGs
[2025-03-04T05:04:55.446+0000] {logging_mixin.py:190} INFO - [2025-03-04T05:04:55.444+0000] {dag.py:4180} INFO - Setting next_dagrun for complex_example_dag to 2025-03-03 00:00:00+00:00, run_after=2025-03-04 00:00:00+00:00
[2025-03-04T05:04:55.571+0000] {processor.py:208} INFO - Processing /opt/airflow/dags/example_dag.py took 0.508 seconds
[2025-03-04T05:05:29.152+0000] {processor.py:186} INFO - Started process (PID=163) to work on /opt/airflow/dags/example_dag.py
[2025-03-04T05:05:29.157+0000] {processor.py:914} INFO - Processing file /opt/airflow/dags/example_dag.py for tasks to queue
[2025-03-04T05:05:29.162+0000] {logging_mixin.py:190} INFO - [2025-03-04T05:05:29.161+0000] {dagbag.py:588} INFO - Filling up the DagBag from /opt/airflow/dags/example_dag.py
[2025-03-04T05:05:29.197+0000] {processor.py:925} INFO - DAG(s) 'complex_example_dag' retrieved from /opt/airflow/dags/example_dag.py
[2025-03-04T05:05:29.252+0000] {logging_mixin.py:190} INFO - [2025-03-04T05:05:29.252+0000] {dag.py:3239} INFO - Sync 1 DAGs
[2025-03-04T05:05:29.303+0000] {logging_mixin.py:190} INFO - [2025-03-04T05:05:29.303+0000] {dag.py:4180} INFO - Setting next_dagrun for complex_example_dag to 2025-03-03 00:00:00+00:00, run_after=2025-03-04 00:00:00+00:00
[2025-03-04T05:05:29.404+0000] {processor.py:208} INFO - Processing /opt/airflow/dags/example_dag.py took 0.265 seconds
[2025-03-04T05:06:02.714+0000] {processor.py:186} INFO - Started process (PID=166) to work on /opt/airflow/dags/example_dag.py
[2025-03-04T05:06:02.717+0000] {processor.py:914} INFO - Processing file /opt/airflow/dags/example_dag.py for tasks to queue
[2025-03-04T05:06:02.721+0000] {logging_mixin.py:190} INFO - [2025-03-04T05:06:02.721+0000] {dagbag.py:588} INFO - Filling up the DagBag from /opt/airflow/dags/example_dag.py
[2025-03-04T05:06:02.764+0000] {processor.py:925} INFO - DAG(s) 'complex_example_dag' retrieved from /opt/airflow/dags/example_dag.py
[2025-03-04T05:06:02.820+0000] {logging_mixin.py:190} INFO - [2025-03-04T05:06:02.820+0000] {dag.py:3239} INFO - Sync 1 DAGs
[2025-03-04T05:06:02.873+0000] {logging_mixin.py:190} INFO - [2025-03-04T05:06:02.873+0000] {dag.py:4180} INFO - Setting next_dagrun for complex_example_dag to 2025-03-03 00:00:00+00:00, run_after=2025-03-04 00:00:00+00:00
[2025-03-04T05:06:02.966+0000] {processor.py:208} INFO - Processing /opt/airflow/dags/example_dag.py took 0.263 seconds
[2025-03-04T05:06:34.546+0000] {processor.py:186} INFO - Started process (PID=169) to work on /opt/airflow/dags/example_dag.py
[2025-03-04T05:06:34.547+0000] {processor.py:914} INFO - Processing file /opt/airflow/dags/example_dag.py for tasks to queue
[2025-03-04T05:06:34.550+0000] {logging_mixin.py:190} INFO - [2025-03-04T05:06:34.549+0000] {dagbag.py:588} INFO - Filling up the DagBag from /opt/airflow/dags/example_dag.py
[2025-03-04T05:06:34.578+0000] {processor.py:925} INFO - DAG(s) 'complex_example_dag' retrieved from /opt/airflow/dags/example_dag.py
[2025-03-04T05:06:34.650+0000] {logging_mixin.py:190} INFO - [2025-03-04T05:06:34.650+0000] {dag.py:3239} INFO - Sync 1 DAGs
[2025-03-04T05:06:34.689+0000] {logging_mixin.py:190} INFO - [2025-03-04T05:06:34.688+0000] {dag.py:4180} INFO - Setting next_dagrun for complex_example_dag to 2025-03-03 00:00:00+00:00, run_after=2025-03-04 00:00:00+00:00
[2025-03-04T05:06:34.745+0000] {processor.py:208} INFO - Processing /opt/airflow/dags/example_dag.py took 0.207 seconds
[2025-03-04T05:07:10.920+0000] {processor.py:186} INFO - Started process (PID=172) to work on /opt/airflow/dags/example_dag.py
[2025-03-04T05:07:10.922+0000] {processor.py:914} INFO - Processing file /opt/airflow/dags/example_dag.py for tasks to queue
[2025-03-04T05:07:10.939+0000] {logging_mixin.py:190} INFO - [2025-03-04T05:07:10.935+0000] {dagbag.py:588} INFO - Filling up the DagBag from /opt/airflow/dags/example_dag.py
[2025-03-04T05:07:10.985+0000] {processor.py:925} INFO - DAG(s) 'complex_example_dag' retrieved from /opt/airflow/dags/example_dag.py
[2025-03-04T05:07:11.052+0000] {logging_mixin.py:190} INFO - [2025-03-04T05:07:11.051+0000] {dag.py:3239} INFO - Sync 1 DAGs
[2025-03-04T05:07:11.133+0000] {logging_mixin.py:190} INFO - [2025-03-04T05:07:11.132+0000] {dag.py:4180} INFO - Setting next_dagrun for complex_example_dag to 2025-03-03 00:00:00+00:00, run_after=2025-03-04 00:00:00+00:00
[2025-03-04T05:07:11.251+0000] {processor.py:208} INFO - Processing /opt/airflow/dags/example_dag.py took 0.341 seconds
[2025-03-04T05:07:44.178+0000] {processor.py:186} INFO - Started process (PID=175) to work on /opt/airflow/dags/example_dag.py
[2025-03-04T05:07:44.180+0000] {processor.py:914} INFO - Processing file /opt/airflow/dags/example_dag.py for tasks to queue
[2025-03-04T05:07:44.183+0000] {logging_mixin.py:190} INFO - [2025-03-04T05:07:44.183+0000] {dagbag.py:588} INFO - Filling up the DagBag from /opt/airflow/dags/example_dag.py
[2025-03-04T05:07:44.210+0000] {processor.py:925} INFO - DAG(s) 'complex_example_dag' retrieved from /opt/airflow/dags/example_dag.py
[2025-03-04T05:07:44.257+0000] {logging_mixin.py:190} INFO - [2025-03-04T05:07:44.256+0000] {dag.py:3239} INFO - Sync 1 DAGs
[2025-03-04T05:07:44.301+0000] {logging_mixin.py:190} INFO - [2025-03-04T05:07:44.300+0000] {dag.py:4180} INFO - Setting next_dagrun for complex_example_dag to 2025-03-03 00:00:00+00:00, run_after=2025-03-04 00:00:00+00:00
[2025-03-04T05:07:44.386+0000] {processor.py:208} INFO - Processing /opt/airflow/dags/example_dag.py took 0.215 seconds
[2025-03-04T05:08:15.733+0000] {processor.py:186} INFO - Started process (PID=178) to work on /opt/airflow/dags/example_dag.py
[2025-03-04T05:08:15.735+0000] {processor.py:914} INFO - Processing file /opt/airflow/dags/example_dag.py for tasks to queue
[2025-03-04T05:08:15.738+0000] {logging_mixin.py:190} INFO - [2025-03-04T05:08:15.738+0000] {dagbag.py:588} INFO - Filling up the DagBag from /opt/airflow/dags/example_dag.py
[2025-03-04T05:08:15.769+0000] {processor.py:925} INFO - DAG(s) 'complex_example_dag' retrieved from /opt/airflow/dags/example_dag.py
[2025-03-04T05:08:15.809+0000] {logging_mixin.py:190} INFO - [2025-03-04T05:08:15.808+0000] {dag.py:3239} INFO - Sync 1 DAGs
[2025-03-04T05:08:15.844+0000] {logging_mixin.py:190} INFO - [2025-03-04T05:08:15.844+0000] {dag.py:4180} INFO - Setting next_dagrun for complex_example_dag to 2025-03-03 00:00:00+00:00, run_after=2025-03-04 00:00:00+00:00
[2025-03-04T05:08:15.908+0000] {processor.py:208} INFO - Processing /opt/airflow/dags/example_dag.py took 0.182 seconds
[2025-03-04T05:08:50.334+0000] {processor.py:186} INFO - Started process (PID=181) to work on /opt/airflow/dags/example_dag.py
[2025-03-04T05:08:50.338+0000] {processor.py:914} INFO - Processing file /opt/airflow/dags/example_dag.py for tasks to queue
[2025-03-04T05:08:50.346+0000] {logging_mixin.py:190} INFO - [2025-03-04T05:08:50.345+0000] {dagbag.py:588} INFO - Filling up the DagBag from /opt/airflow/dags/example_dag.py
[2025-03-04T05:08:50.384+0000] {processor.py:925} INFO - DAG(s) 'complex_example_dag' retrieved from /opt/airflow/dags/example_dag.py
[2025-03-04T05:08:50.465+0000] {logging_mixin.py:190} INFO - [2025-03-04T05:08:50.464+0000] {dag.py:3239} INFO - Sync 1 DAGs
[2025-03-04T05:08:50.521+0000] {logging_mixin.py:190} INFO - [2025-03-04T05:08:50.520+0000] {dag.py:4180} INFO - Setting next_dagrun for complex_example_dag to 2025-03-03 00:00:00+00:00, run_after=2025-03-04 00:00:00+00:00
[2025-03-04T05:08:50.628+0000] {processor.py:208} INFO - Processing /opt/airflow/dags/example_dag.py took 0.309 seconds
[2025-03-04T05:09:21.010+0000] {processor.py:186} INFO - Started process (PID=184) to work on /opt/airflow/dags/example_dag.py
[2025-03-04T05:09:21.011+0000] {processor.py:914} INFO - Processing file /opt/airflow/dags/example_dag.py for tasks to queue
[2025-03-04T05:09:21.013+0000] {logging_mixin.py:190} INFO - [2025-03-04T05:09:21.013+0000] {dagbag.py:588} INFO - Filling up the DagBag from /opt/airflow/dags/example_dag.py
[2025-03-04T05:09:21.031+0000] {processor.py:925} INFO - DAG(s) 'complex_example_dag' retrieved from /opt/airflow/dags/example_dag.py
[2025-03-04T05:09:21.064+0000] {logging_mixin.py:190} INFO - [2025-03-04T05:09:21.063+0000] {dag.py:3239} INFO - Sync 1 DAGs
[2025-03-04T05:09:21.097+0000] {logging_mixin.py:190} INFO - [2025-03-04T05:09:21.097+0000] {dag.py:4180} INFO - Setting next_dagrun for complex_example_dag to 2025-03-03 00:00:00+00:00, run_after=2025-03-04 00:00:00+00:00
[2025-03-04T05:09:21.164+0000] {processor.py:208} INFO - Processing /opt/airflow/dags/example_dag.py took 0.160 seconds
[2025-03-04T05:09:51.995+0000] {processor.py:186} INFO - Started process (PID=187) to work on /opt/airflow/dags/example_dag.py
[2025-03-04T05:09:51.996+0000] {processor.py:914} INFO - Processing file /opt/airflow/dags/example_dag.py for tasks to queue
[2025-03-04T05:09:51.999+0000] {logging_mixin.py:190} INFO - [2025-03-04T05:09:51.999+0000] {dagbag.py:588} INFO - Filling up the DagBag from /opt/airflow/dags/example_dag.py
[2025-03-04T05:09:52.019+0000] {processor.py:925} INFO - DAG(s) 'complex_example_dag' retrieved from /opt/airflow/dags/example_dag.py
[2025-03-04T05:09:52.088+0000] {logging_mixin.py:190} INFO - [2025-03-04T05:09:52.087+0000] {dag.py:3239} INFO - Sync 1 DAGs
[2025-03-04T05:09:52.167+0000] {logging_mixin.py:190} INFO - [2025-03-04T05:09:52.167+0000] {dag.py:4180} INFO - Setting next_dagrun for complex_example_dag to 2025-03-03 00:00:00+00:00, run_after=2025-03-04 00:00:00+00:00
[2025-03-04T05:09:52.267+0000] {processor.py:208} INFO - Processing /opt/airflow/dags/example_dag.py took 0.278 seconds
[2025-03-04T05:10:22.889+0000] {processor.py:186} INFO - Started process (PID=190) to work on /opt/airflow/dags/example_dag.py
[2025-03-04T05:10:22.891+0000] {processor.py:914} INFO - Processing file /opt/airflow/dags/example_dag.py for tasks to queue
[2025-03-04T05:10:22.893+0000] {logging_mixin.py:190} INFO - [2025-03-04T05:10:22.893+0000] {dagbag.py:588} INFO - Filling up the DagBag from /opt/airflow/dags/example_dag.py
[2025-03-04T05:10:22.907+0000] {processor.py:925} INFO - DAG(s) 'complex_example_dag' retrieved from /opt/airflow/dags/example_dag.py
[2025-03-04T05:10:22.933+0000] {logging_mixin.py:190} INFO - [2025-03-04T05:10:22.933+0000] {dag.py:3239} INFO - Sync 1 DAGs
[2025-03-04T05:10:22.955+0000] {logging_mixin.py:190} INFO - [2025-03-04T05:10:22.955+0000] {dag.py:4180} INFO - Setting next_dagrun for complex_example_dag to 2025-03-03 00:00:00+00:00, run_after=2025-03-04 00:00:00+00:00
[2025-03-04T05:10:22.992+0000] {processor.py:208} INFO - Processing /opt/airflow/dags/example_dag.py took 0.108 seconds
[2025-03-04T05:10:53.689+0000] {processor.py:186} INFO - Started process (PID=193) to work on /opt/airflow/dags/example_dag.py
[2025-03-04T05:10:53.690+0000] {processor.py:914} INFO - Processing file /opt/airflow/dags/example_dag.py for tasks to queue
[2025-03-04T05:10:53.692+0000] {logging_mixin.py:190} INFO - [2025-03-04T05:10:53.692+0000] {dagbag.py:588} INFO - Filling up the DagBag from /opt/airflow/dags/example_dag.py
[2025-03-04T05:10:53.709+0000] {processor.py:925} INFO - DAG(s) 'complex_example_dag' retrieved from /opt/airflow/dags/example_dag.py
[2025-03-04T05:10:53.735+0000] {logging_mixin.py:190} INFO - [2025-03-04T05:10:53.735+0000] {dag.py:3239} INFO - Sync 1 DAGs
[2025-03-04T05:10:53.761+0000] {logging_mixin.py:190} INFO - [2025-03-04T05:10:53.761+0000] {dag.py:4180} INFO - Setting next_dagrun for complex_example_dag to 2025-03-03 00:00:00+00:00, run_after=2025-03-04 00:00:00+00:00
[2025-03-04T05:10:53.808+0000] {processor.py:208} INFO - Processing /opt/airflow/dags/example_dag.py took 0.125 seconds
[2025-03-04T05:11:24.566+0000] {processor.py:186} INFO - Started process (PID=196) to work on /opt/airflow/dags/example_dag.py
[2025-03-04T05:11:24.568+0000] {processor.py:914} INFO - Processing file /opt/airflow/dags/example_dag.py for tasks to queue
[2025-03-04T05:11:24.572+0000] {logging_mixin.py:190} INFO - [2025-03-04T05:11:24.571+0000] {dagbag.py:588} INFO - Filling up the DagBag from /opt/airflow/dags/example_dag.py
[2025-03-04T05:11:24.599+0000] {processor.py:925} INFO - DAG(s) 'complex_example_dag' retrieved from /opt/airflow/dags/example_dag.py
[2025-03-04T05:11:24.648+0000] {logging_mixin.py:190} INFO - [2025-03-04T05:11:24.648+0000] {dag.py:3239} INFO - Sync 1 DAGs
[2025-03-04T05:11:24.695+0000] {logging_mixin.py:190} INFO - [2025-03-04T05:11:24.694+0000] {dag.py:4180} INFO - Setting next_dagrun for complex_example_dag to 2025-03-03 00:00:00+00:00, run_after=2025-03-04 00:00:00+00:00
[2025-03-04T05:11:24.776+0000] {processor.py:208} INFO - Processing /opt/airflow/dags/example_dag.py took 0.221 seconds
[2025-03-04T05:11:55.846+0000] {processor.py:186} INFO - Started process (PID=199) to work on /opt/airflow/dags/example_dag.py
[2025-03-04T05:11:55.849+0000] {processor.py:914} INFO - Processing file /opt/airflow/dags/example_dag.py for tasks to queue
[2025-03-04T05:11:55.852+0000] {logging_mixin.py:190} INFO - [2025-03-04T05:11:55.852+0000] {dagbag.py:588} INFO - Filling up the DagBag from /opt/airflow/dags/example_dag.py
[2025-03-04T05:11:55.875+0000] {processor.py:925} INFO - DAG(s) 'complex_example_dag' retrieved from /opt/airflow/dags/example_dag.py
[2025-03-04T05:11:55.918+0000] {logging_mixin.py:190} INFO - [2025-03-04T05:11:55.918+0000] {dag.py:3239} INFO - Sync 1 DAGs
[2025-03-04T05:11:55.953+0000] {logging_mixin.py:190} INFO - [2025-03-04T05:11:55.952+0000] {dag.py:4180} INFO - Setting next_dagrun for complex_example_dag to 2025-03-03 00:00:00+00:00, run_after=2025-03-04 00:00:00+00:00
[2025-03-04T05:11:56.013+0000] {processor.py:208} INFO - Processing /opt/airflow/dags/example_dag.py took 0.173 seconds
[2025-03-04T05:12:26.275+0000] {processor.py:186} INFO - Started process (PID=202) to work on /opt/airflow/dags/example_dag.py
[2025-03-04T05:12:26.276+0000] {processor.py:914} INFO - Processing file /opt/airflow/dags/example_dag.py for tasks to queue
[2025-03-04T05:12:26.278+0000] {logging_mixin.py:190} INFO - [2025-03-04T05:12:26.277+0000] {dagbag.py:588} INFO - Filling up the DagBag from /opt/airflow/dags/example_dag.py
[2025-03-04T05:12:26.292+0000] {processor.py:925} INFO - DAG(s) 'complex_example_dag' retrieved from /opt/airflow/dags/example_dag.py
[2025-03-04T05:12:26.316+0000] {logging_mixin.py:190} INFO - [2025-03-04T05:12:26.316+0000] {dag.py:3239} INFO - Sync 1 DAGs
[2025-03-04T05:12:26.336+0000] {logging_mixin.py:190} INFO - [2025-03-04T05:12:26.336+0000] {dag.py:4180} INFO - Setting next_dagrun for complex_example_dag to 2025-03-03 00:00:00+00:00, run_after=2025-03-04 00:00:00+00:00
[2025-03-04T05:12:26.370+0000] {processor.py:208} INFO - Processing /opt/airflow/dags/example_dag.py took 0.100 seconds
[2025-03-04T05:12:56.990+0000] {processor.py:186} INFO - Started process (PID=205) to work on /opt/airflow/dags/example_dag.py
[2025-03-04T05:12:56.991+0000] {processor.py:914} INFO - Processing file /opt/airflow/dags/example_dag.py for tasks to queue
[2025-03-04T05:12:56.993+0000] {logging_mixin.py:190} INFO - [2025-03-04T05:12:56.993+0000] {dagbag.py:588} INFO - Filling up the DagBag from /opt/airflow/dags/example_dag.py
[2025-03-04T05:12:57.032+0000] {processor.py:925} INFO - DAG(s) 'complex_example_dag' retrieved from /opt/airflow/dags/example_dag.py
[2025-03-04T05:12:57.101+0000] {logging_mixin.py:190} INFO - [2025-03-04T05:12:57.101+0000] {dag.py:3239} INFO - Sync 1 DAGs
[2025-03-04T05:12:57.127+0000] {logging_mixin.py:190} INFO - [2025-03-04T05:12:57.127+0000] {dag.py:4180} INFO - Setting next_dagrun for complex_example_dag to 2025-03-03 00:00:00+00:00, run_after=2025-03-04 00:00:00+00:00
[2025-03-04T05:12:57.164+0000] {processor.py:208} INFO - Processing /opt/airflow/dags/example_dag.py took 0.180 seconds
[2025-03-04T05:13:27.848+0000] {processor.py:186} INFO - Started process (PID=208) to work on /opt/airflow/dags/example_dag.py
[2025-03-04T05:13:27.849+0000] {processor.py:914} INFO - Processing file /opt/airflow/dags/example_dag.py for tasks to queue
[2025-03-04T05:13:27.851+0000] {logging_mixin.py:190} INFO - [2025-03-04T05:13:27.851+0000] {dagbag.py:588} INFO - Filling up the DagBag from /opt/airflow/dags/example_dag.py
[2025-03-04T05:13:27.864+0000] {processor.py:925} INFO - DAG(s) 'complex_example_dag' retrieved from /opt/airflow/dags/example_dag.py
[2025-03-04T05:13:27.890+0000] {logging_mixin.py:190} INFO - [2025-03-04T05:13:27.890+0000] {dag.py:3239} INFO - Sync 1 DAGs
[2025-03-04T05:13:27.914+0000] {logging_mixin.py:190} INFO - [2025-03-04T05:13:27.913+0000] {dag.py:4180} INFO - Setting next_dagrun for complex_example_dag to 2025-03-03 00:00:00+00:00, run_after=2025-03-04 00:00:00+00:00
[2025-03-04T05:13:27.950+0000] {processor.py:208} INFO - Processing /opt/airflow/dags/example_dag.py took 0.106 seconds
[2025-03-04T05:13:58.588+0000] {processor.py:186} INFO - Started process (PID=211) to work on /opt/airflow/dags/example_dag.py
[2025-03-04T05:13:58.589+0000] {processor.py:914} INFO - Processing file /opt/airflow/dags/example_dag.py for tasks to queue
[2025-03-04T05:13:58.591+0000] {logging_mixin.py:190} INFO - [2025-03-04T05:13:58.591+0000] {dagbag.py:588} INFO - Filling up the DagBag from /opt/airflow/dags/example_dag.py
[2025-03-04T05:13:58.624+0000] {processor.py:925} INFO - DAG(s) 'complex_example_dag' retrieved from /opt/airflow/dags/example_dag.py
[2025-03-04T05:13:58.661+0000] {logging_mixin.py:190} INFO - [2025-03-04T05:13:58.661+0000] {dag.py:3239} INFO - Sync 1 DAGs
[2025-03-04T05:13:58.684+0000] {logging_mixin.py:190} INFO - [2025-03-04T05:13:58.683+0000] {dag.py:4180} INFO - Setting next_dagrun for complex_example_dag to 2025-03-03 00:00:00+00:00, run_after=2025-03-04 00:00:00+00:00
[2025-03-04T05:13:58.730+0000] {processor.py:208} INFO - Processing /opt/airflow/dags/example_dag.py took 0.146 seconds
[2025-03-04T05:14:29.240+0000] {processor.py:186} INFO - Started process (PID=214) to work on /opt/airflow/dags/example_dag.py
[2025-03-04T05:14:29.241+0000] {processor.py:914} INFO - Processing file /opt/airflow/dags/example_dag.py for tasks to queue
[2025-03-04T05:14:29.243+0000] {logging_mixin.py:190} INFO - [2025-03-04T05:14:29.243+0000] {dagbag.py:588} INFO - Filling up the DagBag from /opt/airflow/dags/example_dag.py
[2025-03-04T05:14:29.259+0000] {processor.py:925} INFO - DAG(s) 'complex_example_dag' retrieved from /opt/airflow/dags/example_dag.py
[2025-03-04T05:14:29.283+0000] {logging_mixin.py:190} INFO - [2025-03-04T05:14:29.283+0000] {dag.py:3239} INFO - Sync 1 DAGs
[2025-03-04T05:14:29.304+0000] {logging_mixin.py:190} INFO - [2025-03-04T05:14:29.304+0000] {dag.py:4180} INFO - Setting next_dagrun for complex_example_dag to 2025-03-03 00:00:00+00:00, run_after=2025-03-04 00:00:00+00:00
[2025-03-04T05:14:29.340+0000] {processor.py:208} INFO - Processing /opt/airflow/dags/example_dag.py took 0.104 seconds
[2025-03-04T05:15:00.374+0000] {processor.py:186} INFO - Started process (PID=217) to work on /opt/airflow/dags/example_dag.py
[2025-03-04T05:15:00.375+0000] {processor.py:914} INFO - Processing file /opt/airflow/dags/example_dag.py for tasks to queue
[2025-03-04T05:15:00.378+0000] {logging_mixin.py:190} INFO - [2025-03-04T05:15:00.377+0000] {dagbag.py:588} INFO - Filling up the DagBag from /opt/airflow/dags/example_dag.py
[2025-03-04T05:15:00.405+0000] {processor.py:925} INFO - DAG(s) 'complex_example_dag' retrieved from /opt/airflow/dags/example_dag.py
[2025-03-04T05:15:00.457+0000] {logging_mixin.py:190} INFO - [2025-03-04T05:15:00.457+0000] {dag.py:3239} INFO - Sync 1 DAGs
[2025-03-04T05:15:00.478+0000] {logging_mixin.py:190} INFO - [2025-03-04T05:15:00.478+0000] {dag.py:4180} INFO - Setting next_dagrun for complex_example_dag to 2025-03-03 00:00:00+00:00, run_after=2025-03-04 00:00:00+00:00
[2025-03-04T05:15:00.552+0000] {processor.py:208} INFO - Processing /opt/airflow/dags/example_dag.py took 0.184 seconds
[2025-03-04T05:15:31.283+0000] {processor.py:186} INFO - Started process (PID=220) to work on /opt/airflow/dags/example_dag.py
[2025-03-04T05:15:31.285+0000] {processor.py:914} INFO - Processing file /opt/airflow/dags/example_dag.py for tasks to queue
[2025-03-04T05:15:31.291+0000] {logging_mixin.py:190} INFO - [2025-03-04T05:15:31.290+0000] {dagbag.py:588} INFO - Filling up the DagBag from /opt/airflow/dags/example_dag.py
[2025-03-04T05:15:31.312+0000] {processor.py:925} INFO - DAG(s) 'complex_example_dag' retrieved from /opt/airflow/dags/example_dag.py
[2025-03-04T05:15:31.347+0000] {logging_mixin.py:190} INFO - [2025-03-04T05:15:31.347+0000] {dag.py:3239} INFO - Sync 1 DAGs
[2025-03-04T05:15:31.376+0000] {logging_mixin.py:190} INFO - [2025-03-04T05:15:31.376+0000] {dag.py:4180} INFO - Setting next_dagrun for complex_example_dag to 2025-03-03 00:00:00+00:00, run_after=2025-03-04 00:00:00+00:00
[2025-03-04T05:15:31.443+0000] {processor.py:208} INFO - Processing /opt/airflow/dags/example_dag.py took 0.169 seconds
[2025-03-04T05:16:01.904+0000] {processor.py:186} INFO - Started process (PID=223) to work on /opt/airflow/dags/example_dag.py
[2025-03-04T05:16:01.904+0000] {processor.py:914} INFO - Processing file /opt/airflow/dags/example_dag.py for tasks to queue
[2025-03-04T05:16:01.906+0000] {logging_mixin.py:190} INFO - [2025-03-04T05:16:01.906+0000] {dagbag.py:588} INFO - Filling up the DagBag from /opt/airflow/dags/example_dag.py
[2025-03-04T05:16:01.921+0000] {processor.py:925} INFO - DAG(s) 'complex_example_dag' retrieved from /opt/airflow/dags/example_dag.py
[2025-03-04T05:16:01.955+0000] {logging_mixin.py:190} INFO - [2025-03-04T05:16:01.955+0000] {dag.py:3239} INFO - Sync 1 DAGs
[2025-03-04T05:16:01.991+0000] {logging_mixin.py:190} INFO - [2025-03-04T05:16:01.991+0000] {dag.py:4180} INFO - Setting next_dagrun for complex_example_dag to 2025-03-03 00:00:00+00:00, run_after=2025-03-04 00:00:00+00:00
[2025-03-04T05:16:02.092+0000] {processor.py:208} INFO - Processing /opt/airflow/dags/example_dag.py took 0.193 seconds
[2025-03-04T05:16:32.759+0000] {processor.py:186} INFO - Started process (PID=226) to work on /opt/airflow/dags/example_dag.py
[2025-03-04T05:16:32.760+0000] {processor.py:914} INFO - Processing file /opt/airflow/dags/example_dag.py for tasks to queue
[2025-03-04T05:16:32.763+0000] {logging_mixin.py:190} INFO - [2025-03-04T05:16:32.762+0000] {dagbag.py:588} INFO - Filling up the DagBag from /opt/airflow/dags/example_dag.py
[2025-03-04T05:16:32.786+0000] {processor.py:925} INFO - DAG(s) 'complex_example_dag' retrieved from /opt/airflow/dags/example_dag.py
[2025-03-04T05:16:32.828+0000] {logging_mixin.py:190} INFO - [2025-03-04T05:16:32.827+0000] {dag.py:3239} INFO - Sync 1 DAGs
[2025-03-04T05:16:32.858+0000] {logging_mixin.py:190} INFO - [2025-03-04T05:16:32.858+0000] {dag.py:4180} INFO - Setting next_dagrun for complex_example_dag to 2025-03-03 00:00:00+00:00, run_after=2025-03-04 00:00:00+00:00
[2025-03-04T05:16:32.922+0000] {processor.py:208} INFO - Processing /opt/airflow/dags/example_dag.py took 0.167 seconds
[2025-03-04T05:17:03.856+0000] {processor.py:186} INFO - Started process (PID=229) to work on /opt/airflow/dags/example_dag.py
[2025-03-04T05:17:03.857+0000] {processor.py:914} INFO - Processing file /opt/airflow/dags/example_dag.py for tasks to queue
[2025-03-04T05:17:03.859+0000] {logging_mixin.py:190} INFO - [2025-03-04T05:17:03.859+0000] {dagbag.py:588} INFO - Filling up the DagBag from /opt/airflow/dags/example_dag.py
[2025-03-04T05:17:03.874+0000] {processor.py:925} INFO - DAG(s) 'complex_example_dag' retrieved from /opt/airflow/dags/example_dag.py
[2025-03-04T05:17:03.917+0000] {logging_mixin.py:190} INFO - [2025-03-04T05:17:03.917+0000] {dag.py:3239} INFO - Sync 1 DAGs
[2025-03-04T05:17:03.957+0000] {logging_mixin.py:190} INFO - [2025-03-04T05:17:03.956+0000] {dag.py:4180} INFO - Setting next_dagrun for complex_example_dag to 2025-03-03 00:00:00+00:00, run_after=2025-03-04 00:00:00+00:00
[2025-03-04T05:17:04.029+0000] {processor.py:208} INFO - Processing /opt/airflow/dags/example_dag.py took 0.177 seconds
[2025-03-04T05:17:34.869+0000] {processor.py:186} INFO - Started process (PID=232) to work on /opt/airflow/dags/example_dag.py
[2025-03-04T05:17:34.872+0000] {processor.py:914} INFO - Processing file /opt/airflow/dags/example_dag.py for tasks to queue
[2025-03-04T05:17:34.876+0000] {logging_mixin.py:190} INFO - [2025-03-04T05:17:34.876+0000] {dagbag.py:588} INFO - Filling up the DagBag from /opt/airflow/dags/example_dag.py
[2025-03-04T05:17:34.917+0000] {processor.py:925} INFO - DAG(s) 'complex_example_dag' retrieved from /opt/airflow/dags/example_dag.py
[2025-03-04T05:17:34.966+0000] {logging_mixin.py:190} INFO - [2025-03-04T05:17:34.965+0000] {dag.py:3239} INFO - Sync 1 DAGs
[2025-03-04T05:17:35.007+0000] {logging_mixin.py:190} INFO - [2025-03-04T05:17:35.007+0000] {dag.py:4180} INFO - Setting next_dagrun for complex_example_dag to 2025-03-03 00:00:00+00:00, run_after=2025-03-04 00:00:00+00:00
[2025-03-04T05:17:35.102+0000] {processor.py:208} INFO - Processing /opt/airflow/dags/example_dag.py took 0.248 seconds
[2025-03-04T05:18:05.653+0000] {processor.py:186} INFO - Started process (PID=235) to work on /opt/airflow/dags/example_dag.py
[2025-03-04T05:18:05.654+0000] {processor.py:914} INFO - Processing file /opt/airflow/dags/example_dag.py for tasks to queue
[2025-03-04T05:18:05.658+0000] {logging_mixin.py:190} INFO - [2025-03-04T05:18:05.657+0000] {dagbag.py:588} INFO - Filling up the DagBag from /opt/airflow/dags/example_dag.py
[2025-03-04T05:18:05.687+0000] {processor.py:925} INFO - DAG(s) 'complex_example_dag' retrieved from /opt/airflow/dags/example_dag.py
[2025-03-04T05:18:05.730+0000] {logging_mixin.py:190} INFO - [2025-03-04T05:18:05.730+0000] {dag.py:3239} INFO - Sync 1 DAGs
[2025-03-04T05:18:05.752+0000] {logging_mixin.py:190} INFO - [2025-03-04T05:18:05.752+0000] {dag.py:4180} INFO - Setting next_dagrun for complex_example_dag to 2025-03-03 00:00:00+00:00, run_after=2025-03-04 00:00:00+00:00
[2025-03-04T05:18:05.797+0000] {processor.py:208} INFO - Processing /opt/airflow/dags/example_dag.py took 0.151 seconds
[2025-03-04T05:29:28.286+0000] {processor.py:186} INFO - Started process (PID=236) to work on /opt/airflow/dags/example_dag.py
[2025-03-04T05:29:28.294+0000] {processor.py:914} INFO - Processing file /opt/airflow/dags/example_dag.py for tasks to queue
[2025-03-04T05:29:28.319+0000] {logging_mixin.py:190} INFO - [2025-03-04T05:29:28.315+0000] {dagbag.py:588} INFO - Filling up the DagBag from /opt/airflow/dags/example_dag.py
[2025-03-04T05:29:28.468+0000] {processor.py:925} INFO - DAG(s) 'complex_example_dag' retrieved from /opt/airflow/dags/example_dag.py
[2025-03-04T05:29:28.791+0000] {logging_mixin.py:190} INFO - [2025-03-04T05:29:28.790+0000] {dag.py:3239} INFO - Sync 1 DAGs
[2025-03-04T05:29:29.297+0000] {logging_mixin.py:190} INFO - [2025-03-04T05:29:29.297+0000] {dag.py:4180} INFO - Setting next_dagrun for complex_example_dag to 2025-03-03 00:00:00+00:00, run_after=2025-03-04 00:00:00+00:00
[2025-03-04T05:29:29.754+0000] {processor.py:208} INFO - Processing /opt/airflow/dags/example_dag.py took 1.541 seconds
[2025-03-04T09:18:18.469+0000] {processor.py:186} INFO - Started process (PID=239) to work on /opt/airflow/dags/example_dag.py
[2025-03-04T09:18:18.471+0000] {processor.py:914} INFO - Processing file /opt/airflow/dags/example_dag.py for tasks to queue
[2025-03-04T09:18:18.475+0000] {logging_mixin.py:190} INFO - [2025-03-04T09:18:18.475+0000] {dagbag.py:588} INFO - Filling up the DagBag from /opt/airflow/dags/example_dag.py
[2025-03-04T09:18:18.535+0000] {processor.py:925} INFO - DAG(s) 'complex_example_dag' retrieved from /opt/airflow/dags/example_dag.py
[2025-03-04T09:18:18.598+0000] {logging_mixin.py:190} INFO - [2025-03-04T09:18:18.597+0000] {dag.py:3239} INFO - Sync 1 DAGs
[2025-03-04T09:18:18.641+0000] {logging_mixin.py:190} INFO - [2025-03-04T09:18:18.641+0000] {dag.py:4180} INFO - Setting next_dagrun for complex_example_dag to 2025-03-03 00:00:00+00:00, run_after=2025-03-04 00:00:00+00:00
[2025-03-04T09:18:18.748+0000] {processor.py:208} INFO - Processing /opt/airflow/dags/example_dag.py took 0.283 seconds
