[2025-03-11T04:16:59.517+0000] {processor.py:186} INFO - Started process (PID=336) to work on /opt/airflow/dags/data_prep_transformation.py
[2025-03-11T04:16:59.518+0000] {processor.py:914} INFO - Processing file /opt/airflow/dags/data_prep_transformation.py for tasks to queue
[2025-03-11T04:16:59.520+0000] {logging_mixin.py:190} INFO - [2025-03-11T04:16:59.520+0000] {dagbag.py:588} INFO - Filling up the DagBag from /opt/airflow/dags/data_prep_transformation.py
[2025-03-11T04:17:00.078+0000] {logging_mixin.py:190} INFO - [2025-03-11T04:17:00.077+0000] {_docs_decorators.py:115} INFO - Skipping registering function get_context because it does not have a class
[2025-03-11T04:17:02.018+0000] {logging_mixin.py:190} INFO - [2025-03-11T04:17:02.018+0000] {_docs_decorators.py:109} INFO - Skipping registering function DataSourceManager._register_add_datasource.<locals>.crud_method_info because it is a closure
[2025-03-11T04:17:02.019+0000] {logging_mixin.py:190} INFO - [2025-03-11T04:17:02.019+0000] {_docs_decorators.py:109} INFO - Skipping registering function DataSourceManager._register_update_datasource.<locals>.crud_method_info because it is a closure
[2025-03-11T04:17:02.019+0000] {logging_mixin.py:190} INFO - [2025-03-11T04:17:02.019+0000] {_docs_decorators.py:109} INFO - Skipping registering function DataSourceManager._register_add_or_update_datasource.<locals>.crud_method_info because it is a closure
[2025-03-11T04:17:02.020+0000] {logging_mixin.py:190} INFO - [2025-03-11T04:17:02.020+0000] {_docs_decorators.py:109} INFO - Skipping registering function DataSourceManager._register_delete_datasource.<locals>.crud_method_info because it is a closure
[2025-03-11T04:17:02.084+0000] {logging_mixin.py:190} INFO - [2025-03-11T04:17:02.083+0000] {_docs_decorators.py:109} INFO - Skipping registering function DataSourceManager._bind_asset_factory_method_if_not_present.<locals>._add_asset_factory because it is a closure
[2025-03-11T04:17:02.085+0000] {logging_mixin.py:190} INFO - [2025-03-11T04:17:02.084+0000] {_docs_decorators.py:109} INFO - Skipping registering function DataSourceManager._bind_asset_factory_method_if_not_present.<locals>._add_asset_factory because it is a closure
[2025-03-11T04:17:02.085+0000] {logging_mixin.py:190} INFO - [2025-03-11T04:17:02.085+0000] {_docs_decorators.py:109} INFO - Skipping registering function DataSourceManager._bind_asset_factory_method_if_not_present.<locals>._add_asset_factory because it is a closure
[2025-03-11T04:17:02.086+0000] {logging_mixin.py:190} INFO - [2025-03-11T04:17:02.085+0000] {_docs_decorators.py:109} INFO - Skipping registering function DataSourceManager._bind_asset_factory_method_if_not_present.<locals>._add_asset_factory because it is a closure
[2025-03-11T04:17:02.086+0000] {logging_mixin.py:190} INFO - [2025-03-11T04:17:02.086+0000] {_docs_decorators.py:109} INFO - Skipping registering function DataSourceManager._bind_asset_factory_method_if_not_present.<locals>._add_asset_factory because it is a closure
[2025-03-11T04:17:02.087+0000] {logging_mixin.py:190} INFO - [2025-03-11T04:17:02.086+0000] {_docs_decorators.py:109} INFO - Skipping registering function DataSourceManager._bind_asset_factory_method_if_not_present.<locals>._add_asset_factory because it is a closure
[2025-03-11T04:17:02.087+0000] {logging_mixin.py:190} INFO - [2025-03-11T04:17:02.087+0000] {_docs_decorators.py:109} INFO - Skipping registering function DataSourceManager._bind_asset_factory_method_if_not_present.<locals>._add_asset_factory because it is a closure
[2025-03-11T04:17:02.088+0000] {logging_mixin.py:190} INFO - [2025-03-11T04:17:02.088+0000] {_docs_decorators.py:109} INFO - Skipping registering function DataSourceManager._bind_asset_factory_method_if_not_present.<locals>._add_asset_factory because it is a closure
[2025-03-11T04:17:02.089+0000] {logging_mixin.py:190} INFO - [2025-03-11T04:17:02.089+0000] {_docs_decorators.py:109} INFO - Skipping registering function DataSourceManager._bind_asset_factory_method_if_not_present.<locals>._add_asset_factory because it is a closure
[2025-03-11T04:17:02.089+0000] {logging_mixin.py:190} INFO - [2025-03-11T04:17:02.089+0000] {_docs_decorators.py:109} INFO - Skipping registering function DataSourceManager._bind_asset_factory_method_if_not_present.<locals>._add_asset_factory because it is a closure
[2025-03-11T04:17:02.089+0000] {logging_mixin.py:190} INFO - [2025-03-11T04:17:02.089+0000] {_docs_decorators.py:109} INFO - Skipping registering function DataSourceManager._bind_asset_factory_method_if_not_present.<locals>._add_asset_factory because it is a closure
[2025-03-11T04:17:02.090+0000] {logging_mixin.py:190} INFO - [2025-03-11T04:17:02.090+0000] {_docs_decorators.py:109} INFO - Skipping registering function DataSourceManager._bind_asset_factory_method_if_not_present.<locals>._add_asset_factory because it is a closure
[2025-03-11T04:17:02.090+0000] {logging_mixin.py:190} INFO - [2025-03-11T04:17:02.090+0000] {_docs_decorators.py:109} INFO - Skipping registering function DataSourceManager._bind_asset_factory_method_if_not_present.<locals>._add_asset_factory because it is a closure
[2025-03-11T04:17:02.091+0000] {logging_mixin.py:190} INFO - [2025-03-11T04:17:02.091+0000] {_docs_decorators.py:109} INFO - Skipping registering function DataSourceManager._bind_asset_factory_method_if_not_present.<locals>._add_asset_factory because it is a closure
[2025-03-11T04:17:02.091+0000] {logging_mixin.py:190} INFO - [2025-03-11T04:17:02.091+0000] {_docs_decorators.py:109} INFO - Skipping registering function DataSourceManager._register_add_datasource.<locals>.crud_method_info because it is a closure
[2025-03-11T04:17:02.091+0000] {logging_mixin.py:190} INFO - [2025-03-11T04:17:02.091+0000] {_docs_decorators.py:109} INFO - Skipping registering function DataSourceManager._register_update_datasource.<locals>.crud_method_info because it is a closure
[2025-03-11T04:17:02.092+0000] {logging_mixin.py:190} INFO - [2025-03-11T04:17:02.092+0000] {_docs_decorators.py:109} INFO - Skipping registering function DataSourceManager._register_add_or_update_datasource.<locals>.crud_method_info because it is a closure
[2025-03-11T04:17:02.092+0000] {logging_mixin.py:190} INFO - [2025-03-11T04:17:02.092+0000] {_docs_decorators.py:109} INFO - Skipping registering function DataSourceManager._register_delete_datasource.<locals>.crud_method_info because it is a closure
[2025-03-11T04:17:02.094+0000] {logging_mixin.py:190} INFO - [2025-03-11T04:17:02.094+0000] {_docs_decorators.py:109} INFO - Skipping registering function DataSourceManager._register_add_datasource.<locals>.crud_method_info because it is a closure
[2025-03-11T04:17:02.095+0000] {logging_mixin.py:190} INFO - [2025-03-11T04:17:02.095+0000] {_docs_decorators.py:109} INFO - Skipping registering function DataSourceManager._register_update_datasource.<locals>.crud_method_info because it is a closure
[2025-03-11T04:17:02.096+0000] {logging_mixin.py:190} INFO - [2025-03-11T04:17:02.096+0000] {_docs_decorators.py:109} INFO - Skipping registering function DataSourceManager._register_add_or_update_datasource.<locals>.crud_method_info because it is a closure
[2025-03-11T04:17:02.096+0000] {logging_mixin.py:190} INFO - [2025-03-11T04:17:02.096+0000] {_docs_decorators.py:109} INFO - Skipping registering function DataSourceManager._register_delete_datasource.<locals>.crud_method_info because it is a closure
[2025-03-11T04:17:02.100+0000] {logging_mixin.py:190} INFO - [2025-03-11T04:17:02.099+0000] {_docs_decorators.py:109} INFO - Skipping registering function DataSourceManager._bind_asset_factory_method_if_not_present.<locals>._add_asset_factory because it is a closure
[2025-03-11T04:17:02.101+0000] {logging_mixin.py:190} INFO - [2025-03-11T04:17:02.100+0000] {_docs_decorators.py:109} INFO - Skipping registering function DataSourceManager._bind_asset_factory_method_if_not_present.<locals>._add_asset_factory because it is a closure
[2025-03-11T04:17:02.101+0000] {logging_mixin.py:190} INFO - [2025-03-11T04:17:02.101+0000] {_docs_decorators.py:109} INFO - Skipping registering function DataSourceManager._bind_asset_factory_method_if_not_present.<locals>._add_asset_factory because it is a closure
[2025-03-11T04:17:02.102+0000] {logging_mixin.py:190} INFO - [2025-03-11T04:17:02.102+0000] {_docs_decorators.py:109} INFO - Skipping registering function DataSourceManager._bind_asset_factory_method_if_not_present.<locals>._add_asset_factory because it is a closure
[2025-03-11T04:17:02.103+0000] {logging_mixin.py:190} INFO - [2025-03-11T04:17:02.103+0000] {_docs_decorators.py:109} INFO - Skipping registering function DataSourceManager._bind_asset_factory_method_if_not_present.<locals>._add_asset_factory because it is a closure
[2025-03-11T04:17:02.104+0000] {logging_mixin.py:190} INFO - [2025-03-11T04:17:02.104+0000] {_docs_decorators.py:109} INFO - Skipping registering function DataSourceManager._bind_asset_factory_method_if_not_present.<locals>._add_asset_factory because it is a closure
[2025-03-11T04:17:02.105+0000] {logging_mixin.py:190} INFO - [2025-03-11T04:17:02.104+0000] {_docs_decorators.py:109} INFO - Skipping registering function DataSourceManager._bind_asset_factory_method_if_not_present.<locals>._add_asset_factory because it is a closure
[2025-03-11T04:17:02.106+0000] {logging_mixin.py:190} INFO - [2025-03-11T04:17:02.105+0000] {_docs_decorators.py:109} INFO - Skipping registering function DataSourceManager._bind_asset_factory_method_if_not_present.<locals>._add_asset_factory because it is a closure
[2025-03-11T04:17:02.106+0000] {logging_mixin.py:190} INFO - [2025-03-11T04:17:02.106+0000] {_docs_decorators.py:109} INFO - Skipping registering function DataSourceManager._bind_asset_factory_method_if_not_present.<locals>._add_asset_factory because it is a closure
[2025-03-11T04:17:02.107+0000] {logging_mixin.py:190} INFO - [2025-03-11T04:17:02.107+0000] {_docs_decorators.py:109} INFO - Skipping registering function DataSourceManager._bind_asset_factory_method_if_not_present.<locals>._add_asset_factory because it is a closure
[2025-03-11T04:17:02.108+0000] {logging_mixin.py:190} INFO - [2025-03-11T04:17:02.108+0000] {_docs_decorators.py:109} INFO - Skipping registering function DataSourceManager._bind_asset_factory_method_if_not_present.<locals>._add_asset_factory because it is a closure
[2025-03-11T04:17:02.109+0000] {logging_mixin.py:190} INFO - [2025-03-11T04:17:02.109+0000] {_docs_decorators.py:109} INFO - Skipping registering function DataSourceManager._bind_asset_factory_method_if_not_present.<locals>._add_asset_factory because it is a closure
[2025-03-11T04:17:02.109+0000] {logging_mixin.py:190} INFO - [2025-03-11T04:17:02.109+0000] {_docs_decorators.py:109} INFO - Skipping registering function DataSourceManager._bind_asset_factory_method_if_not_present.<locals>._add_asset_factory because it is a closure
[2025-03-11T04:17:02.110+0000] {logging_mixin.py:190} INFO - [2025-03-11T04:17:02.110+0000] {_docs_decorators.py:109} INFO - Skipping registering function DataSourceManager._bind_asset_factory_method_if_not_present.<locals>._add_asset_factory because it is a closure
[2025-03-11T04:17:02.111+0000] {logging_mixin.py:190} INFO - [2025-03-11T04:17:02.111+0000] {_docs_decorators.py:109} INFO - Skipping registering function DataSourceManager._register_add_datasource.<locals>.crud_method_info because it is a closure
[2025-03-11T04:17:02.112+0000] {logging_mixin.py:190} INFO - [2025-03-11T04:17:02.112+0000] {_docs_decorators.py:109} INFO - Skipping registering function DataSourceManager._register_update_datasource.<locals>.crud_method_info because it is a closure
[2025-03-11T04:17:02.113+0000] {logging_mixin.py:190} INFO - [2025-03-11T04:17:02.112+0000] {_docs_decorators.py:109} INFO - Skipping registering function DataSourceManager._register_add_or_update_datasource.<locals>.crud_method_info because it is a closure
[2025-03-11T04:17:02.113+0000] {logging_mixin.py:190} INFO - [2025-03-11T04:17:02.113+0000] {_docs_decorators.py:109} INFO - Skipping registering function DataSourceManager._register_delete_datasource.<locals>.crud_method_info because it is a closure
[2025-03-11T04:17:02.117+0000] {logging_mixin.py:190} INFO - [2025-03-11T04:17:02.117+0000] {_docs_decorators.py:109} INFO - Skipping registering function DataSourceManager._bind_asset_factory_method_if_not_present.<locals>._add_asset_factory because it is a closure
[2025-03-11T04:17:02.118+0000] {logging_mixin.py:190} INFO - [2025-03-11T04:17:02.118+0000] {_docs_decorators.py:109} INFO - Skipping registering function DataSourceManager._bind_asset_factory_method_if_not_present.<locals>._add_asset_factory because it is a closure
[2025-03-11T04:17:02.119+0000] {logging_mixin.py:190} INFO - [2025-03-11T04:17:02.119+0000] {_docs_decorators.py:109} INFO - Skipping registering function DataSourceManager._bind_asset_factory_method_if_not_present.<locals>._add_asset_factory because it is a closure
[2025-03-11T04:17:02.120+0000] {logging_mixin.py:190} INFO - [2025-03-11T04:17:02.120+0000] {_docs_decorators.py:109} INFO - Skipping registering function DataSourceManager._bind_asset_factory_method_if_not_present.<locals>._add_asset_factory because it is a closure
[2025-03-11T04:17:02.120+0000] {logging_mixin.py:190} INFO - [2025-03-11T04:17:02.120+0000] {_docs_decorators.py:109} INFO - Skipping registering function DataSourceManager._bind_asset_factory_method_if_not_present.<locals>._add_asset_factory because it is a closure
[2025-03-11T04:17:02.121+0000] {logging_mixin.py:190} INFO - [2025-03-11T04:17:02.121+0000] {_docs_decorators.py:109} INFO - Skipping registering function DataSourceManager._bind_asset_factory_method_if_not_present.<locals>._add_asset_factory because it is a closure
[2025-03-11T04:17:02.122+0000] {logging_mixin.py:190} INFO - [2025-03-11T04:17:02.121+0000] {_docs_decorators.py:109} INFO - Skipping registering function DataSourceManager._bind_asset_factory_method_if_not_present.<locals>._add_asset_factory because it is a closure
[2025-03-11T04:17:02.122+0000] {logging_mixin.py:190} INFO - [2025-03-11T04:17:02.122+0000] {_docs_decorators.py:109} INFO - Skipping registering function DataSourceManager._bind_asset_factory_method_if_not_present.<locals>._add_asset_factory because it is a closure
[2025-03-11T04:17:02.123+0000] {logging_mixin.py:190} INFO - [2025-03-11T04:17:02.123+0000] {_docs_decorators.py:109} INFO - Skipping registering function DataSourceManager._bind_asset_factory_method_if_not_present.<locals>._add_asset_factory because it is a closure
[2025-03-11T04:17:02.124+0000] {logging_mixin.py:190} INFO - [2025-03-11T04:17:02.124+0000] {_docs_decorators.py:109} INFO - Skipping registering function DataSourceManager._bind_asset_factory_method_if_not_present.<locals>._add_asset_factory because it is a closure
[2025-03-11T04:17:02.124+0000] {logging_mixin.py:190} INFO - [2025-03-11T04:17:02.124+0000] {_docs_decorators.py:109} INFO - Skipping registering function DataSourceManager._bind_asset_factory_method_if_not_present.<locals>._add_asset_factory because it is a closure
[2025-03-11T04:17:02.125+0000] {logging_mixin.py:190} INFO - [2025-03-11T04:17:02.125+0000] {_docs_decorators.py:109} INFO - Skipping registering function DataSourceManager._bind_asset_factory_method_if_not_present.<locals>._add_asset_factory because it is a closure
[2025-03-11T04:17:02.125+0000] {logging_mixin.py:190} INFO - [2025-03-11T04:17:02.125+0000] {_docs_decorators.py:109} INFO - Skipping registering function DataSourceManager._bind_asset_factory_method_if_not_present.<locals>._add_asset_factory because it is a closure
[2025-03-11T04:17:02.126+0000] {logging_mixin.py:190} INFO - [2025-03-11T04:17:02.126+0000] {_docs_decorators.py:109} INFO - Skipping registering function DataSourceManager._bind_asset_factory_method_if_not_present.<locals>._add_asset_factory because it is a closure
[2025-03-11T04:17:02.127+0000] {logging_mixin.py:190} INFO - [2025-03-11T04:17:02.127+0000] {_docs_decorators.py:109} INFO - Skipping registering function DataSourceManager._register_add_datasource.<locals>.crud_method_info because it is a closure
[2025-03-11T04:17:02.127+0000] {logging_mixin.py:190} INFO - [2025-03-11T04:17:02.127+0000] {_docs_decorators.py:109} INFO - Skipping registering function DataSourceManager._register_update_datasource.<locals>.crud_method_info because it is a closure
[2025-03-11T04:17:02.128+0000] {logging_mixin.py:190} INFO - [2025-03-11T04:17:02.128+0000] {_docs_decorators.py:109} INFO - Skipping registering function DataSourceManager._register_add_or_update_datasource.<locals>.crud_method_info because it is a closure
[2025-03-11T04:17:02.128+0000] {logging_mixin.py:190} INFO - [2025-03-11T04:17:02.128+0000] {_docs_decorators.py:109} INFO - Skipping registering function DataSourceManager._register_delete_datasource.<locals>.crud_method_info because it is a closure
[2025-03-11T04:17:02.132+0000] {logging_mixin.py:190} INFO - [2025-03-11T04:17:02.132+0000] {_docs_decorators.py:109} INFO - Skipping registering function DataSourceManager._bind_asset_factory_method_if_not_present.<locals>._add_asset_factory because it is a closure
[2025-03-11T04:17:02.133+0000] {logging_mixin.py:190} INFO - [2025-03-11T04:17:02.133+0000] {_docs_decorators.py:109} INFO - Skipping registering function DataSourceManager._bind_asset_factory_method_if_not_present.<locals>._add_asset_factory because it is a closure
[2025-03-11T04:17:02.133+0000] {logging_mixin.py:190} INFO - [2025-03-11T04:17:02.133+0000] {_docs_decorators.py:109} INFO - Skipping registering function DataSourceManager._bind_asset_factory_method_if_not_present.<locals>._add_asset_factory because it is a closure
[2025-03-11T04:17:02.134+0000] {logging_mixin.py:190} INFO - [2025-03-11T04:17:02.134+0000] {_docs_decorators.py:109} INFO - Skipping registering function DataSourceManager._bind_asset_factory_method_if_not_present.<locals>._add_asset_factory because it is a closure
[2025-03-11T04:17:02.135+0000] {logging_mixin.py:190} INFO - [2025-03-11T04:17:02.135+0000] {_docs_decorators.py:109} INFO - Skipping registering function DataSourceManager._bind_asset_factory_method_if_not_present.<locals>._add_asset_factory because it is a closure
[2025-03-11T04:17:02.136+0000] {logging_mixin.py:190} INFO - [2025-03-11T04:17:02.135+0000] {_docs_decorators.py:109} INFO - Skipping registering function DataSourceManager._bind_asset_factory_method_if_not_present.<locals>._add_asset_factory because it is a closure
[2025-03-11T04:17:02.137+0000] {logging_mixin.py:190} INFO - [2025-03-11T04:17:02.136+0000] {_docs_decorators.py:109} INFO - Skipping registering function DataSourceManager._bind_asset_factory_method_if_not_present.<locals>._add_asset_factory because it is a closure
[2025-03-11T04:17:02.137+0000] {logging_mixin.py:190} INFO - [2025-03-11T04:17:02.137+0000] {_docs_decorators.py:109} INFO - Skipping registering function DataSourceManager._bind_asset_factory_method_if_not_present.<locals>._add_asset_factory because it is a closure
[2025-03-11T04:17:02.138+0000] {logging_mixin.py:190} INFO - [2025-03-11T04:17:02.138+0000] {_docs_decorators.py:109} INFO - Skipping registering function DataSourceManager._bind_asset_factory_method_if_not_present.<locals>._add_asset_factory because it is a closure
[2025-03-11T04:17:02.139+0000] {logging_mixin.py:190} INFO - [2025-03-11T04:17:02.139+0000] {_docs_decorators.py:109} INFO - Skipping registering function DataSourceManager._bind_asset_factory_method_if_not_present.<locals>._add_asset_factory because it is a closure
[2025-03-11T04:17:02.139+0000] {logging_mixin.py:190} INFO - [2025-03-11T04:17:02.139+0000] {_docs_decorators.py:109} INFO - Skipping registering function DataSourceManager._bind_asset_factory_method_if_not_present.<locals>._add_asset_factory because it is a closure
[2025-03-11T04:17:02.140+0000] {logging_mixin.py:190} INFO - [2025-03-11T04:17:02.140+0000] {_docs_decorators.py:109} INFO - Skipping registering function DataSourceManager._bind_asset_factory_method_if_not_present.<locals>._add_asset_factory because it is a closure
[2025-03-11T04:17:02.141+0000] {logging_mixin.py:190} INFO - [2025-03-11T04:17:02.141+0000] {_docs_decorators.py:109} INFO - Skipping registering function DataSourceManager._bind_asset_factory_method_if_not_present.<locals>._add_asset_factory because it is a closure
[2025-03-11T04:17:02.141+0000] {logging_mixin.py:190} INFO - [2025-03-11T04:17:02.141+0000] {_docs_decorators.py:109} INFO - Skipping registering function DataSourceManager._bind_asset_factory_method_if_not_present.<locals>._add_asset_factory because it is a closure
[2025-03-11T04:17:02.142+0000] {logging_mixin.py:190} INFO - [2025-03-11T04:17:02.142+0000] {_docs_decorators.py:109} INFO - Skipping registering function DataSourceManager._register_add_datasource.<locals>.crud_method_info because it is a closure
[2025-03-11T04:17:02.142+0000] {logging_mixin.py:190} INFO - [2025-03-11T04:17:02.142+0000] {_docs_decorators.py:109} INFO - Skipping registering function DataSourceManager._register_update_datasource.<locals>.crud_method_info because it is a closure
[2025-03-11T04:17:02.143+0000] {logging_mixin.py:190} INFO - [2025-03-11T04:17:02.143+0000] {_docs_decorators.py:109} INFO - Skipping registering function DataSourceManager._register_add_or_update_datasource.<locals>.crud_method_info because it is a closure
[2025-03-11T04:17:02.143+0000] {logging_mixin.py:190} INFO - [2025-03-11T04:17:02.143+0000] {_docs_decorators.py:109} INFO - Skipping registering function DataSourceManager._register_delete_datasource.<locals>.crud_method_info because it is a closure
[2025-03-11T04:17:02.154+0000] {logging_mixin.py:190} INFO - [2025-03-11T04:17:02.154+0000] {_docs_decorators.py:109} INFO - Skipping registering function DataSourceManager._register_add_datasource.<locals>.crud_method_info because it is a closure
[2025-03-11T04:17:02.155+0000] {logging_mixin.py:190} INFO - [2025-03-11T04:17:02.155+0000] {_docs_decorators.py:109} INFO - Skipping registering function DataSourceManager._register_update_datasource.<locals>.crud_method_info because it is a closure
[2025-03-11T04:17:02.156+0000] {logging_mixin.py:190} INFO - [2025-03-11T04:17:02.156+0000] {_docs_decorators.py:109} INFO - Skipping registering function DataSourceManager._register_add_or_update_datasource.<locals>.crud_method_info because it is a closure
[2025-03-11T04:17:02.156+0000] {logging_mixin.py:190} INFO - [2025-03-11T04:17:02.156+0000] {_docs_decorators.py:109} INFO - Skipping registering function DataSourceManager._register_delete_datasource.<locals>.crud_method_info because it is a closure
[2025-03-11T04:17:02.178+0000] {logging_mixin.py:190} INFO - [2025-03-11T04:17:02.178+0000] {_docs_decorators.py:109} INFO - Skipping registering function DataSourceManager._register_add_datasource.<locals>.crud_method_info because it is a closure
[2025-03-11T04:17:02.179+0000] {logging_mixin.py:190} INFO - [2025-03-11T04:17:02.179+0000] {_docs_decorators.py:109} INFO - Skipping registering function DataSourceManager._register_update_datasource.<locals>.crud_method_info because it is a closure
[2025-03-11T04:17:02.180+0000] {logging_mixin.py:190} INFO - [2025-03-11T04:17:02.179+0000] {_docs_decorators.py:109} INFO - Skipping registering function DataSourceManager._register_add_or_update_datasource.<locals>.crud_method_info because it is a closure
[2025-03-11T04:17:02.180+0000] {logging_mixin.py:190} INFO - [2025-03-11T04:17:02.180+0000] {_docs_decorators.py:109} INFO - Skipping registering function DataSourceManager._register_delete_datasource.<locals>.crud_method_info because it is a closure
[2025-03-11T04:17:02.184+0000] {logging_mixin.py:190} INFO - [2025-03-11T04:17:02.183+0000] {_docs_decorators.py:109} INFO - Skipping registering function DataSourceManager._register_add_datasource.<locals>.crud_method_info because it is a closure
[2025-03-11T04:17:02.184+0000] {logging_mixin.py:190} INFO - [2025-03-11T04:17:02.184+0000] {_docs_decorators.py:109} INFO - Skipping registering function DataSourceManager._register_update_datasource.<locals>.crud_method_info because it is a closure
[2025-03-11T04:17:02.185+0000] {logging_mixin.py:190} INFO - [2025-03-11T04:17:02.185+0000] {_docs_decorators.py:109} INFO - Skipping registering function DataSourceManager._register_add_or_update_datasource.<locals>.crud_method_info because it is a closure
[2025-03-11T04:17:02.186+0000] {logging_mixin.py:190} INFO - [2025-03-11T04:17:02.186+0000] {_docs_decorators.py:109} INFO - Skipping registering function DataSourceManager._register_delete_datasource.<locals>.crud_method_info because it is a closure
[2025-03-11T04:17:02.192+0000] {logging_mixin.py:190} INFO - [2025-03-11T04:17:02.192+0000] {_docs_decorators.py:109} INFO - Skipping registering function DataSourceManager._register_add_datasource.<locals>.crud_method_info because it is a closure
[2025-03-11T04:17:02.193+0000] {logging_mixin.py:190} INFO - [2025-03-11T04:17:02.192+0000] {_docs_decorators.py:109} INFO - Skipping registering function DataSourceManager._register_update_datasource.<locals>.crud_method_info because it is a closure
[2025-03-11T04:17:02.193+0000] {logging_mixin.py:190} INFO - [2025-03-11T04:17:02.193+0000] {_docs_decorators.py:109} INFO - Skipping registering function DataSourceManager._register_add_or_update_datasource.<locals>.crud_method_info because it is a closure
[2025-03-11T04:17:02.194+0000] {logging_mixin.py:190} INFO - [2025-03-11T04:17:02.194+0000] {_docs_decorators.py:109} INFO - Skipping registering function DataSourceManager._register_delete_datasource.<locals>.crud_method_info because it is a closure
[2025-03-11T04:17:02.297+0000] {logging_mixin.py:190} INFO - [2025-03-11T04:17:02.297+0000] {_docs_decorators.py:109} INFO - Skipping registering function DataSourceManager._bind_asset_factory_method_if_not_present.<locals>._add_asset_factory because it is a closure
[2025-03-11T04:17:02.298+0000] {logging_mixin.py:190} INFO - [2025-03-11T04:17:02.297+0000] {_docs_decorators.py:109} INFO - Skipping registering function DataSourceManager._bind_asset_factory_method_if_not_present.<locals>._add_asset_factory because it is a closure
[2025-03-11T04:17:02.298+0000] {logging_mixin.py:190} INFO - [2025-03-11T04:17:02.298+0000] {_docs_decorators.py:109} INFO - Skipping registering function DataSourceManager._bind_asset_factory_method_if_not_present.<locals>._add_asset_factory because it is a closure
[2025-03-11T04:17:02.299+0000] {logging_mixin.py:190} INFO - [2025-03-11T04:17:02.298+0000] {_docs_decorators.py:109} INFO - Skipping registering function DataSourceManager._bind_asset_factory_method_if_not_present.<locals>._add_asset_factory because it is a closure
[2025-03-11T04:17:02.299+0000] {logging_mixin.py:190} INFO - [2025-03-11T04:17:02.299+0000] {_docs_decorators.py:109} INFO - Skipping registering function DataSourceManager._bind_asset_factory_method_if_not_present.<locals>._add_asset_factory because it is a closure
[2025-03-11T04:17:02.299+0000] {logging_mixin.py:190} INFO - [2025-03-11T04:17:02.299+0000] {_docs_decorators.py:109} INFO - Skipping registering function DataSourceManager._bind_asset_factory_method_if_not_present.<locals>._add_asset_factory because it is a closure
[2025-03-11T04:17:02.300+0000] {logging_mixin.py:190} INFO - [2025-03-11T04:17:02.300+0000] {_docs_decorators.py:109} INFO - Skipping registering function DataSourceManager._bind_asset_factory_method_if_not_present.<locals>._add_asset_factory because it is a closure
[2025-03-11T04:17:02.300+0000] {logging_mixin.py:190} INFO - [2025-03-11T04:17:02.300+0000] {_docs_decorators.py:109} INFO - Skipping registering function DataSourceManager._bind_asset_factory_method_if_not_present.<locals>._add_asset_factory because it is a closure
[2025-03-11T04:17:02.300+0000] {logging_mixin.py:190} INFO - [2025-03-11T04:17:02.300+0000] {_docs_decorators.py:109} INFO - Skipping registering function DataSourceManager._bind_asset_factory_method_if_not_present.<locals>._add_asset_factory because it is a closure
[2025-03-11T04:17:02.301+0000] {logging_mixin.py:190} INFO - [2025-03-11T04:17:02.301+0000] {_docs_decorators.py:109} INFO - Skipping registering function DataSourceManager._bind_asset_factory_method_if_not_present.<locals>._add_asset_factory because it is a closure
[2025-03-11T04:17:02.301+0000] {logging_mixin.py:190} INFO - [2025-03-11T04:17:02.301+0000] {_docs_decorators.py:109} INFO - Skipping registering function DataSourceManager._bind_asset_factory_method_if_not_present.<locals>._add_asset_factory because it is a closure
[2025-03-11T04:17:02.302+0000] {logging_mixin.py:190} INFO - [2025-03-11T04:17:02.301+0000] {_docs_decorators.py:109} INFO - Skipping registering function DataSourceManager._bind_asset_factory_method_if_not_present.<locals>._add_asset_factory because it is a closure
[2025-03-11T04:17:02.302+0000] {logging_mixin.py:190} INFO - [2025-03-11T04:17:02.302+0000] {_docs_decorators.py:109} INFO - Skipping registering function DataSourceManager._register_add_datasource.<locals>.crud_method_info because it is a closure
[2025-03-11T04:17:02.302+0000] {logging_mixin.py:190} INFO - [2025-03-11T04:17:02.302+0000] {_docs_decorators.py:109} INFO - Skipping registering function DataSourceManager._register_update_datasource.<locals>.crud_method_info because it is a closure
[2025-03-11T04:17:02.303+0000] {logging_mixin.py:190} INFO - [2025-03-11T04:17:02.303+0000] {_docs_decorators.py:109} INFO - Skipping registering function DataSourceManager._register_add_or_update_datasource.<locals>.crud_method_info because it is a closure
[2025-03-11T04:17:02.303+0000] {logging_mixin.py:190} INFO - [2025-03-11T04:17:02.303+0000] {_docs_decorators.py:109} INFO - Skipping registering function DataSourceManager._register_delete_datasource.<locals>.crud_method_info because it is a closure
[2025-03-11T04:17:02.307+0000] {logging_mixin.py:190} INFO - [2025-03-11T04:17:02.307+0000] {_docs_decorators.py:109} INFO - Skipping registering function DataSourceManager._register_add_datasource.<locals>.crud_method_info because it is a closure
[2025-03-11T04:17:02.308+0000] {logging_mixin.py:190} INFO - [2025-03-11T04:17:02.307+0000] {_docs_decorators.py:109} INFO - Skipping registering function DataSourceManager._register_update_datasource.<locals>.crud_method_info because it is a closure
[2025-03-11T04:17:02.308+0000] {logging_mixin.py:190} INFO - [2025-03-11T04:17:02.308+0000] {_docs_decorators.py:109} INFO - Skipping registering function DataSourceManager._register_add_or_update_datasource.<locals>.crud_method_info because it is a closure
[2025-03-11T04:17:02.308+0000] {logging_mixin.py:190} INFO - [2025-03-11T04:17:02.308+0000] {_docs_decorators.py:109} INFO - Skipping registering function DataSourceManager._register_delete_datasource.<locals>.crud_method_info because it is a closure
[2025-03-11T04:17:02.312+0000] {logging_mixin.py:190} INFO - [2025-03-11T04:17:02.312+0000] {_docs_decorators.py:109} INFO - Skipping registering function DataSourceManager._bind_asset_factory_method_if_not_present.<locals>._add_asset_factory because it is a closure
[2025-03-11T04:17:02.313+0000] {logging_mixin.py:190} INFO - [2025-03-11T04:17:02.313+0000] {_docs_decorators.py:109} INFO - Skipping registering function DataSourceManager._bind_asset_factory_method_if_not_present.<locals>._add_asset_factory because it is a closure
[2025-03-11T04:17:02.313+0000] {logging_mixin.py:190} INFO - [2025-03-11T04:17:02.313+0000] {_docs_decorators.py:109} INFO - Skipping registering function DataSourceManager._bind_asset_factory_method_if_not_present.<locals>._add_asset_factory because it is a closure
[2025-03-11T04:17:02.314+0000] {logging_mixin.py:190} INFO - [2025-03-11T04:17:02.314+0000] {_docs_decorators.py:109} INFO - Skipping registering function DataSourceManager._bind_asset_factory_method_if_not_present.<locals>._add_asset_factory because it is a closure
[2025-03-11T04:17:02.314+0000] {logging_mixin.py:190} INFO - [2025-03-11T04:17:02.314+0000] {_docs_decorators.py:109} INFO - Skipping registering function DataSourceManager._bind_asset_factory_method_if_not_present.<locals>._add_asset_factory because it is a closure
[2025-03-11T04:17:02.314+0000] {logging_mixin.py:190} INFO - [2025-03-11T04:17:02.314+0000] {_docs_decorators.py:109} INFO - Skipping registering function DataSourceManager._bind_asset_factory_method_if_not_present.<locals>._add_asset_factory because it is a closure
[2025-03-11T04:17:02.315+0000] {logging_mixin.py:190} INFO - [2025-03-11T04:17:02.315+0000] {_docs_decorators.py:109} INFO - Skipping registering function DataSourceManager._bind_asset_factory_method_if_not_present.<locals>._add_asset_factory because it is a closure
[2025-03-11T04:17:02.315+0000] {logging_mixin.py:190} INFO - [2025-03-11T04:17:02.315+0000] {_docs_decorators.py:109} INFO - Skipping registering function DataSourceManager._bind_asset_factory_method_if_not_present.<locals>._add_asset_factory because it is a closure
[2025-03-11T04:17:02.316+0000] {logging_mixin.py:190} INFO - [2025-03-11T04:17:02.315+0000] {_docs_decorators.py:109} INFO - Skipping registering function DataSourceManager._bind_asset_factory_method_if_not_present.<locals>._add_asset_factory because it is a closure
[2025-03-11T04:17:02.316+0000] {logging_mixin.py:190} INFO - [2025-03-11T04:17:02.316+0000] {_docs_decorators.py:109} INFO - Skipping registering function DataSourceManager._bind_asset_factory_method_if_not_present.<locals>._add_asset_factory because it is a closure
[2025-03-11T04:17:02.316+0000] {logging_mixin.py:190} INFO - [2025-03-11T04:17:02.316+0000] {_docs_decorators.py:109} INFO - Skipping registering function DataSourceManager._bind_asset_factory_method_if_not_present.<locals>._add_asset_factory because it is a closure
[2025-03-11T04:17:02.317+0000] {logging_mixin.py:190} INFO - [2025-03-11T04:17:02.317+0000] {_docs_decorators.py:109} INFO - Skipping registering function DataSourceManager._bind_asset_factory_method_if_not_present.<locals>._add_asset_factory because it is a closure
[2025-03-11T04:17:02.317+0000] {logging_mixin.py:190} INFO - [2025-03-11T04:17:02.317+0000] {_docs_decorators.py:109} INFO - Skipping registering function DataSourceManager._register_add_datasource.<locals>.crud_method_info because it is a closure
[2025-03-11T04:17:02.318+0000] {logging_mixin.py:190} INFO - [2025-03-11T04:17:02.317+0000] {_docs_decorators.py:109} INFO - Skipping registering function DataSourceManager._register_update_datasource.<locals>.crud_method_info because it is a closure
[2025-03-11T04:17:02.318+0000] {logging_mixin.py:190} INFO - [2025-03-11T04:17:02.318+0000] {_docs_decorators.py:109} INFO - Skipping registering function DataSourceManager._register_add_or_update_datasource.<locals>.crud_method_info because it is a closure
[2025-03-11T04:17:02.318+0000] {logging_mixin.py:190} INFO - [2025-03-11T04:17:02.318+0000] {_docs_decorators.py:109} INFO - Skipping registering function DataSourceManager._register_delete_datasource.<locals>.crud_method_info because it is a closure
[2025-03-11T04:17:02.323+0000] {logging_mixin.py:190} INFO - [2025-03-11T04:17:02.323+0000] {_docs_decorators.py:109} INFO - Skipping registering function DataSourceManager._bind_asset_factory_method_if_not_present.<locals>._add_asset_factory because it is a closure
[2025-03-11T04:17:02.323+0000] {logging_mixin.py:190} INFO - [2025-03-11T04:17:02.323+0000] {_docs_decorators.py:109} INFO - Skipping registering function DataSourceManager._bind_asset_factory_method_if_not_present.<locals>._add_asset_factory because it is a closure
[2025-03-11T04:17:02.324+0000] {logging_mixin.py:190} INFO - [2025-03-11T04:17:02.324+0000] {_docs_decorators.py:109} INFO - Skipping registering function DataSourceManager._bind_asset_factory_method_if_not_present.<locals>._add_asset_factory because it is a closure
[2025-03-11T04:17:02.325+0000] {logging_mixin.py:190} INFO - [2025-03-11T04:17:02.324+0000] {_docs_decorators.py:109} INFO - Skipping registering function DataSourceManager._bind_asset_factory_method_if_not_present.<locals>._add_asset_factory because it is a closure
[2025-03-11T04:17:02.326+0000] {logging_mixin.py:190} INFO - [2025-03-11T04:17:02.325+0000] {_docs_decorators.py:109} INFO - Skipping registering function DataSourceManager._bind_asset_factory_method_if_not_present.<locals>._add_asset_factory because it is a closure
[2025-03-11T04:17:02.328+0000] {logging_mixin.py:190} INFO - [2025-03-11T04:17:02.327+0000] {_docs_decorators.py:109} INFO - Skipping registering function DataSourceManager._bind_asset_factory_method_if_not_present.<locals>._add_asset_factory because it is a closure
[2025-03-11T04:17:02.328+0000] {logging_mixin.py:190} INFO - [2025-03-11T04:17:02.328+0000] {_docs_decorators.py:109} INFO - Skipping registering function DataSourceManager._bind_asset_factory_method_if_not_present.<locals>._add_asset_factory because it is a closure
[2025-03-11T04:17:02.329+0000] {logging_mixin.py:190} INFO - [2025-03-11T04:17:02.329+0000] {_docs_decorators.py:109} INFO - Skipping registering function DataSourceManager._bind_asset_factory_method_if_not_present.<locals>._add_asset_factory because it is a closure
[2025-03-11T04:17:02.329+0000] {logging_mixin.py:190} INFO - [2025-03-11T04:17:02.329+0000] {_docs_decorators.py:109} INFO - Skipping registering function DataSourceManager._bind_asset_factory_method_if_not_present.<locals>._add_asset_factory because it is a closure
[2025-03-11T04:17:02.330+0000] {logging_mixin.py:190} INFO - [2025-03-11T04:17:02.330+0000] {_docs_decorators.py:109} INFO - Skipping registering function DataSourceManager._bind_asset_factory_method_if_not_present.<locals>._add_asset_factory because it is a closure
[2025-03-11T04:17:02.330+0000] {logging_mixin.py:190} INFO - [2025-03-11T04:17:02.330+0000] {_docs_decorators.py:109} INFO - Skipping registering function DataSourceManager._bind_asset_factory_method_if_not_present.<locals>._add_asset_factory because it is a closure
[2025-03-11T04:17:02.331+0000] {logging_mixin.py:190} INFO - [2025-03-11T04:17:02.331+0000] {_docs_decorators.py:109} INFO - Skipping registering function DataSourceManager._bind_asset_factory_method_if_not_present.<locals>._add_asset_factory because it is a closure
[2025-03-11T04:17:02.332+0000] {logging_mixin.py:190} INFO - [2025-03-11T04:17:02.331+0000] {_docs_decorators.py:109} INFO - Skipping registering function DataSourceManager._register_add_datasource.<locals>.crud_method_info because it is a closure
[2025-03-11T04:17:02.332+0000] {logging_mixin.py:190} INFO - [2025-03-11T04:17:02.332+0000] {_docs_decorators.py:109} INFO - Skipping registering function DataSourceManager._register_update_datasource.<locals>.crud_method_info because it is a closure
[2025-03-11T04:17:02.333+0000] {logging_mixin.py:190} INFO - [2025-03-11T04:17:02.333+0000] {_docs_decorators.py:109} INFO - Skipping registering function DataSourceManager._register_add_or_update_datasource.<locals>.crud_method_info because it is a closure
[2025-03-11T04:17:02.333+0000] {logging_mixin.py:190} INFO - [2025-03-11T04:17:02.333+0000] {_docs_decorators.py:109} INFO - Skipping registering function DataSourceManager._register_delete_datasource.<locals>.crud_method_info because it is a closure
[2025-03-11T04:17:02.341+0000] {logging_mixin.py:190} INFO - [2025-03-11T04:17:02.341+0000] {_docs_decorators.py:109} INFO - Skipping registering function DataSourceManager._bind_asset_factory_method_if_not_present.<locals>._add_asset_factory because it is a closure
[2025-03-11T04:17:02.343+0000] {logging_mixin.py:190} INFO - [2025-03-11T04:17:02.343+0000] {_docs_decorators.py:109} INFO - Skipping registering function DataSourceManager._bind_asset_factory_method_if_not_present.<locals>._add_asset_factory because it is a closure
[2025-03-11T04:17:02.345+0000] {logging_mixin.py:190} INFO - [2025-03-11T04:17:02.345+0000] {_docs_decorators.py:109} INFO - Skipping registering function DataSourceManager._bind_asset_factory_method_if_not_present.<locals>._add_asset_factory because it is a closure
[2025-03-11T04:17:02.345+0000] {logging_mixin.py:190} INFO - [2025-03-11T04:17:02.345+0000] {_docs_decorators.py:109} INFO - Skipping registering function DataSourceManager._bind_asset_factory_method_if_not_present.<locals>._add_asset_factory because it is a closure
[2025-03-11T04:17:02.346+0000] {logging_mixin.py:190} INFO - [2025-03-11T04:17:02.346+0000] {_docs_decorators.py:109} INFO - Skipping registering function DataSourceManager._bind_asset_factory_method_if_not_present.<locals>._add_asset_factory because it is a closure
[2025-03-11T04:17:02.346+0000] {logging_mixin.py:190} INFO - [2025-03-11T04:17:02.346+0000] {_docs_decorators.py:109} INFO - Skipping registering function DataSourceManager._bind_asset_factory_method_if_not_present.<locals>._add_asset_factory because it is a closure
[2025-03-11T04:17:02.347+0000] {logging_mixin.py:190} INFO - [2025-03-11T04:17:02.347+0000] {_docs_decorators.py:109} INFO - Skipping registering function DataSourceManager._bind_asset_factory_method_if_not_present.<locals>._add_asset_factory because it is a closure
[2025-03-11T04:17:02.347+0000] {logging_mixin.py:190} INFO - [2025-03-11T04:17:02.347+0000] {_docs_decorators.py:109} INFO - Skipping registering function DataSourceManager._bind_asset_factory_method_if_not_present.<locals>._add_asset_factory because it is a closure
[2025-03-11T04:17:02.348+0000] {logging_mixin.py:190} INFO - [2025-03-11T04:17:02.347+0000] {_docs_decorators.py:109} INFO - Skipping registering function DataSourceManager._bind_asset_factory_method_if_not_present.<locals>._add_asset_factory because it is a closure
[2025-03-11T04:17:02.348+0000] {logging_mixin.py:190} INFO - [2025-03-11T04:17:02.348+0000] {_docs_decorators.py:109} INFO - Skipping registering function DataSourceManager._bind_asset_factory_method_if_not_present.<locals>._add_asset_factory because it is a closure
[2025-03-11T04:17:02.348+0000] {logging_mixin.py:190} INFO - [2025-03-11T04:17:02.348+0000] {_docs_decorators.py:109} INFO - Skipping registering function DataSourceManager._bind_asset_factory_method_if_not_present.<locals>._add_asset_factory because it is a closure
[2025-03-11T04:17:02.349+0000] {logging_mixin.py:190} INFO - [2025-03-11T04:17:02.349+0000] {_docs_decorators.py:109} INFO - Skipping registering function DataSourceManager._bind_asset_factory_method_if_not_present.<locals>._add_asset_factory because it is a closure
[2025-03-11T04:17:02.349+0000] {logging_mixin.py:190} INFO - [2025-03-11T04:17:02.349+0000] {_docs_decorators.py:109} INFO - Skipping registering function DataSourceManager._register_add_datasource.<locals>.crud_method_info because it is a closure
[2025-03-11T04:17:02.349+0000] {logging_mixin.py:190} INFO - [2025-03-11T04:17:02.349+0000] {_docs_decorators.py:109} INFO - Skipping registering function DataSourceManager._register_update_datasource.<locals>.crud_method_info because it is a closure
[2025-03-11T04:17:02.350+0000] {logging_mixin.py:190} INFO - [2025-03-11T04:17:02.350+0000] {_docs_decorators.py:109} INFO - Skipping registering function DataSourceManager._register_add_or_update_datasource.<locals>.crud_method_info because it is a closure
[2025-03-11T04:17:02.350+0000] {logging_mixin.py:190} INFO - [2025-03-11T04:17:02.350+0000] {_docs_decorators.py:109} INFO - Skipping registering function DataSourceManager._register_delete_datasource.<locals>.crud_method_info because it is a closure
[2025-03-11T04:17:02.357+0000] {logging_mixin.py:190} INFO - [2025-03-11T04:17:02.357+0000] {_docs_decorators.py:109} INFO - Skipping registering function DataSourceManager._register_add_datasource.<locals>.crud_method_info because it is a closure
[2025-03-11T04:17:02.358+0000] {logging_mixin.py:190} INFO - [2025-03-11T04:17:02.358+0000] {_docs_decorators.py:109} INFO - Skipping registering function DataSourceManager._register_update_datasource.<locals>.crud_method_info because it is a closure
[2025-03-11T04:17:02.358+0000] {logging_mixin.py:190} INFO - [2025-03-11T04:17:02.358+0000] {_docs_decorators.py:109} INFO - Skipping registering function DataSourceManager._register_add_or_update_datasource.<locals>.crud_method_info because it is a closure
[2025-03-11T04:17:02.359+0000] {logging_mixin.py:190} INFO - [2025-03-11T04:17:02.359+0000] {_docs_decorators.py:109} INFO - Skipping registering function DataSourceManager._register_delete_datasource.<locals>.crud_method_info because it is a closure
[2025-03-11T04:17:02.364+0000] {logging_mixin.py:190} INFO - [2025-03-11T04:17:02.364+0000] {_docs_decorators.py:109} INFO - Skipping registering function DataSourceManager._register_add_datasource.<locals>.crud_method_info because it is a closure
[2025-03-11T04:17:02.365+0000] {logging_mixin.py:190} INFO - [2025-03-11T04:17:02.364+0000] {_docs_decorators.py:109} INFO - Skipping registering function DataSourceManager._register_update_datasource.<locals>.crud_method_info because it is a closure
[2025-03-11T04:17:02.365+0000] {logging_mixin.py:190} INFO - [2025-03-11T04:17:02.365+0000] {_docs_decorators.py:109} INFO - Skipping registering function DataSourceManager._register_add_or_update_datasource.<locals>.crud_method_info because it is a closure
[2025-03-11T04:17:02.365+0000] {logging_mixin.py:190} INFO - [2025-03-11T04:17:02.365+0000] {_docs_decorators.py:109} INFO - Skipping registering function DataSourceManager._register_delete_datasource.<locals>.crud_method_info because it is a closure
[2025-03-11T04:17:02.371+0000] {logging_mixin.py:190} INFO - [2025-03-11T04:17:02.371+0000] {_docs_decorators.py:109} INFO - Skipping registering function DataSourceManager._register_add_datasource.<locals>.crud_method_info because it is a closure
[2025-03-11T04:17:02.372+0000] {logging_mixin.py:190} INFO - [2025-03-11T04:17:02.372+0000] {_docs_decorators.py:109} INFO - Skipping registering function DataSourceManager._register_update_datasource.<locals>.crud_method_info because it is a closure
[2025-03-11T04:17:02.373+0000] {logging_mixin.py:190} INFO - [2025-03-11T04:17:02.372+0000] {_docs_decorators.py:109} INFO - Skipping registering function DataSourceManager._register_add_or_update_datasource.<locals>.crud_method_info because it is a closure
[2025-03-11T04:17:02.373+0000] {logging_mixin.py:190} INFO - [2025-03-11T04:17:02.373+0000] {_docs_decorators.py:109} INFO - Skipping registering function DataSourceManager._register_delete_datasource.<locals>.crud_method_info because it is a closure
[2025-03-11T04:17:02.460+0000] {processor.py:925} INFO - DAG(s) 'data_prep_transformation' retrieved from /opt/airflow/dags/data_prep_transformation.py
[2025-03-11T04:17:02.500+0000] {logging_mixin.py:190} INFO - [2025-03-11T04:17:02.499+0000] {dag.py:3239} INFO - Sync 1 DAGs
[2025-03-11T04:17:02.520+0000] {logging_mixin.py:190} INFO - [2025-03-11T04:17:02.520+0000] {dag.py:4180} INFO - Setting next_dagrun for data_prep_transformation to None, run_after=None
[2025-03-11T04:17:02.648+0000] {processor.py:208} INFO - Processing /opt/airflow/dags/data_prep_transformation.py took 3.136 seconds
